Hourly Cron started ...
########################
cron_wo_feedback_alerts.php exit status good
Fri Mar 30 10:03:01 2012 Hour Cron Completed ...
###########################

Hourly Cron started ...
########################
cron_wo_feedback_alerts.php exit status good
Fri Mar 30 11:03:01 2012 Hour Cron Completed ...
###########################

Hourly Cron started ...
########################
cron_wo_feedback_alerts.php exit status good
Fri Mar 30 12:03:01 2012 Hour Cron Completed ...
###########################

Hourly Cron started ...
########################
cron_wo_feedback_alerts.php exit status good
Fri Mar 30 13:03:01 2012 Hour Cron Completed ...
###########################

Hourly Cron started ...
########################
cron_wo_feedback_alerts.php exit status good
Fri Mar 30 14:03:01 2012 Hour Cron Completed ...
###########################

Hourly Cron started ...
########################
cron_wo_feedback_alerts.php exit status good
Fri Mar 30 15:03:01 2012 Hour Cron Completed ...
###########################

Hourly Cron started ...
########################
cron_wo_feedback_alerts.php exit status good
Fri Mar 30 16:03:03 2012 Hour Cron Completed ...
###########################

Hourly Cron started ...
########################
cron_wo_feedback_alerts.php exit status good
Fri Mar 30 17:03:01 2012 Hour Cron Completed ...
###########################

Hourly Cron started ...
########################
cron_wo_feedback_alerts.php exit status good
Fri Mar 30 18:03:01 2012 Hour Cron Completed ...
###########################

Hourly Cron started ...
########################
cron_wo_feedback_alerts.php exit status good
Fri Mar 30 19:03:01 2012 Hour Cron Completed ...
###########################

Hourly Cron started ...
########################
cron_wo_feedback_alerts.php exit status good
Fri Mar 30 20:03:01 2012 Hour Cron Completed ...
###########################

Hourly Cron started ...
########################
cron_wo_feedback_alerts.php exit status good
Fri Mar 30 21:03:01 2012 Hour Cron Completed ...
###########################

Hourly Cron started ...
########################
cron_wo_feedback_alerts.php exit status good
Fri Mar 30 22:03:01 2012 Hour Cron Completed ...
###########################

Hourly Cron started ...
########################
cron_wo_feedback_alerts.php exit status good
Fri Mar 30 23:03:01 2012 Hour Cron Completed ...
###########################

Hourly Cron started ...
########################
cron_wo_feedback_alerts.php exit status good
Sat Mar 31 00:03:01 2012 Hour Cron Completed ...
###########################

Hourly Cron started ...
########################
cron_wo_feedback_alerts.php exit status good
Sat Mar 31 01:03:01 2012 Hour Cron Completed ...
###########################

Hourly Cron started ...
########################
cron_wo_feedback_alerts.php exit status good
Sat Mar 31 02:03:01 2012 Hour Cron Completed ...
###########################

Hourly Cron started ...
########################
cron_wo_feedback_alerts.php exit status good
Sat Mar 31 03:03:01 2012 Hour Cron Completed ...
###########################

Hourly Cron started ...
########################
cron_wo_feedback_alerts.php exit status good
Sat Mar 31 04:03:01 2012 Hour Cron Completed ...
###########################

Hourly Cron started ...
########################
cron_wo_feedback_alerts.php exit status good
Sat Mar 31 05:03:01 2012 Hour Cron Completed ...
###########################

Hourly Cron started ...
########################
cron_wo_feedback_alerts.php exit status good
Sat Mar 31 06:03:01 2012 Hour Cron Completed ...
###########################

Hourly Cron started ...
########################
cron_wo_feedback_alerts.php exit status good
Sat Mar 31 07:03:01 2012 Hour Cron Completed ...
###########################

Hourly Cron started ...
########################
cron_wo_feedback_alerts.php exit status good
Sat Mar 31 08:03:01 2012 Hour Cron Completed ...
###########################

Hourly Cron started ...
########################
cron_wo_feedback_alerts.php exit status good
Sat Mar 31 09:03:01 2012 Hour Cron Completed ...
###########################

Hourly Cron started ...
########################
cron_wo_feedback_alerts.php exit status good
Sat Mar 31 10:03:01 2012 Hour Cron Completed ...
###########################

Hourly Cron started ...
########################
cron_wo_feedback_alerts.php exit status good
Sat Mar 31 11:03:01 2012 Hour Cron Completed ...
###########################

Hourly Cron started ...
########################
cron_wo_feedback_alerts.php exit status good
Sat Mar 31 12:03:01 2012 Hour Cron Completed ...
###########################

Hourly Cron started ...
########################
cron_wo_feedback_alerts.php exit status good
Sat Mar 31 13:03:01 2012 Hour Cron Completed ...
###########################

Hourly Cron started ...
########################
cron_wo_feedback_alerts.php exit status good
Sat Mar 31 14:03:01 2012 Hour Cron Completed ...
###########################

Hourly Cron started ...
########################
cron_wo_feedback_alerts.php exit status good
Sat Mar 31 15:03:01 2012 Hour Cron Completed ...
###########################

Hourly Cron started ...
########################
cron_wo_feedback_alerts.php exit status good
Sat Mar 31 16:03:01 2012 Hour Cron Completed ...
###########################

Hourly Cron started ...
########################
cron_wo_feedback_alerts.php exit status good
Sat Mar 31 17:03:01 2012 Hour Cron Completed ...
###########################

Hourly Cron started ...
########################
cron_wo_feedback_alerts.php exit status good
Sat Mar 31 18:03:01 2012 Hour Cron Completed ...
###########################

Hourly Cron started ...
########################
cron_wo_feedback_alerts.php exit status good
Sat Mar 31 19:03:01 2012 Hour Cron Completed ...
###########################

Hourly Cron started ...
########################
cron_wo_feedback_alerts.php exit status good
Sat Mar 31 20:03:01 2012 Hour Cron Completed ...
###########################

Hourly Cron started ...
########################
cron_wo_feedback_alerts.php exit status good
Sat Mar 31 21:03:01 2012 Hour Cron Completed ...
###########################

Hourly Cron started ...
########################
cron_wo_feedback_alerts.php exit status good
Sat Mar 31 22:03:01 2012 Hour Cron Completed ...
###########################

Hourly Cron started ...
########################
cron_wo_feedback_alerts.php exit status good
Sat Mar 31 23:03:01 2012 Hour Cron Completed ...
###########################

Hourly Cron started ...
########################
cron_wo_feedback_alerts.php exit status good
Sun Apr 1 00:03:01 2012 Hour Cron Completed ...
###########################

Hourly Cron started ...
########################
cron_wo_feedback_alerts.php exit status good
Sun Apr 1 01:03:01 2012 Hour Cron Completed ...
###########################

Hourly Cron started ...
########################
cron_wo_feedback_alerts.php exit status good
Sun Apr 1 02:03:01 2012 Hour Cron Completed ...
###########################

Hourly Cron started ...
########################
cron_wo_feedback_alerts.php exit status good
Sun Apr 1 03:03:01 2012 Hour Cron Completed ...
###########################

Hourly Cron started ...
########################
cron_wo_feedback_alerts.php exit status good
Sun Apr 1 04:03:01 2012 Hour Cron Completed ...
###########################

Hourly Cron started ...
########################
cron_wo_feedback_alerts.php exit status good
Sun Apr 1 05:03:01 2012 Hour Cron Completed ...
###########################

Hourly Cron started ...
########################
cron_wo_feedback_alerts.php exit status good
Sun Apr 1 06:03:01 2012 Hour Cron Completed ...
###########################

Hourly Cron started ...
########################
cron_wo_feedback_alerts.php exit status good
Sun Apr 1 07:03:01 2012 Hour Cron Completed ...
###########################

Hourly Cron started ...
########################
cron_wo_feedback_alerts.php exit status good
Sun Apr 1 08:03:01 2012 Hour Cron Completed ...
###########################

Hourly Cron started ...
########################
cron_wo_feedback_alerts.php exit status good
Sun Apr 1 09:03:01 2012 Hour Cron Completed ...
###########################

Hourly Cron started ...
########################
cron_wo_feedback_alerts.php exit status good
Sun Apr 1 10:03:02 2012 Hour Cron Completed ...
###########################

Hourly Cron started ...
########################
cron_wo_feedback_alerts.php exit status good
Sun Apr 1 11:03:01 2012 Hour Cron Completed ...
###########################

Hourly Cron started ...
########################
cron_wo_feedback_alerts.php exit status good
Sun Apr 1 12:03:01 2012 Hour Cron Completed ...
###########################

Hourly Cron started ...
########################
cron_wo_feedback_alerts.php exit status good
Sun Apr 1 13:03:01 2012 Hour Cron Completed ...
###########################

Hourly Cron started ...
########################
cron_wo_feedback_alerts.php exit status good
Sun Apr 1 14:03:01 2012 Hour Cron Completed ...
###########################

Hourly Cron started ...
########################
cron_wo_feedback_alerts.php exit status good
Sun Apr 1 15:03:01 2012 Hour Cron Completed ...
###########################

Hourly Cron started ...
########################
cron_wo_feedback_alerts.php exit status good
Sun Apr 1 16:03:01 2012 Hour Cron Completed ...
###########################

Hourly Cron started ...
########################
cron_wo_feedback_alerts.php exit status good
Sun Apr 1 17:03:01 2012 Hour Cron Completed ...
###########################

Hourly Cron started ...
########################
cron_wo_feedback_alerts.php exit status good
Sun Apr 1 18:03:01 2012 Hour Cron Completed ...
###########################

Hourly Cron started ...
########################
cron_wo_feedback_alerts.php exit status good
Sun Apr 1 19:03:01 2012 Hour Cron Completed ...
###########################

Hourly Cron started ...
########################
cron_wo_feedback_alerts.php exit status good
Sun Apr 1 20:03:01 2012 Hour Cron Completed ...
###########################

Hourly Cron started ...
########################
cron_wo_feedback_alerts.php exit status good
Sun Apr 1 21:03:01 2012 Hour Cron Completed ...
###########################

Hourly Cron started ...
########################
cron_wo_feedback_alerts.php exit status good
Sun Apr 1 22:03:02 2012 Hour Cron Completed ...
###########################

Hourly Cron started ...
########################
cron_wo_feedback_alerts.php exit status good
Sun Apr 1 23:03:01 2012 Hour Cron Completed ...
###########################

Hourly Cron started ...
########################
cron_wo_feedback_alerts.php exit status good
Mon Apr 2 00:03:01 2012 Hour Cron Completed ...
###########################

Hourly Cron started ...
########################
cron_wo_feedback_alerts.php exit status good
Mon Apr 2 01:03:01 2012 Hour Cron Completed ...
###########################

Hourly Cron started ...
########################
cron_wo_feedback_alerts.php exit status good
Mon Apr 2 02:03:01 2012 Hour Cron Completed ...
###########################

Hourly Cron started ...
########################
cron_wo_feedback_alerts.php exit status good
Mon Apr 2 03:03:01 2012 Hour Cron Completed ...
###########################

Hourly Cron started ...
########################
cron_wo_feedback_alerts.php exit status good
Mon Apr 2 04:03:01 2012 Hour Cron Completed ...
###########################

Hourly Cron started ...
########################
cron_wo_feedback_alerts.php exit status good
Mon Apr 2 05:03:01 2012 Hour Cron Completed ...
###########################

Hourly Cron started ...
########################
cron_wo_feedback_alerts.php exit status good
Mon Apr 2 06:03:01 2012 Hour Cron Completed ...
###########################

Hourly Cron started ...
########################
cron_wo_feedback_alerts.php exit status good
Mon Apr 2 07:03:01 2012 Hour Cron Completed ...
###########################

Hourly Cron started ...
########################
cron_wo_feedback_alerts.php exit status good
Mon Apr 2 08:03:01 2012 Hour Cron Completed ...
###########################

Hourly Cron started ...
########################
cron_wo_feedback_alerts.php exit status good
Mon Apr 2 09:03:01 2012 Hour Cron Completed ...
###########################

Hourly Cron started ...
########################
cron_wo_feedback_alerts.php exit status good
Mon Apr 2 10:03:01 2012 Hour Cron Completed ...
###########################

Hourly Cron started ...
########################
cron_wo_feedback_alerts.php exit status good
Mon Apr 2 11:03:01 2012 Hour Cron Completed ...
###########################

Hourly Cron started ...
########################
cron_wo_feedback_alerts.php exit status good
Mon Apr 2 12:03:01 2012 Hour Cron Completed ...
###########################

Hourly Cron started ...
########################
cron_wo_feedback_alerts.php exit status good
Mon Apr 2 13:03:02 2012 Hour Cron Completed ...
###########################

Hourly Cron started ...
########################
cron_wo_feedback_alerts.php exit status good
Mon Apr 2 14:03:01 2012 Hour Cron Completed ...
###########################

Hourly Cron started ...
########################
cron_wo_feedback_alerts.php exit status good
Mon Apr 2 15:03:01 2012 Hour Cron Completed ...
###########################

Hourly Cron started ...
########################
cron_wo_feedback_alerts.php exit status good
Mon Apr 2 16:03:01 2012 Hour Cron Completed ...
###########################

Hourly Cron started ...
########################
cron_wo_feedback_alerts.php exit status good
Mon Apr 2 17:03:01 2012 Hour Cron Completed ...
###########################

Hourly Cron started ...
########################
cron_wo_feedback_alerts.php exit status good
Mon Apr 2 18:03:01 2012 Hour Cron Completed ...
###########################

Hourly Cron started ...
########################
cron_wo_feedback_alerts.php exit status good
Mon Apr 2 19:03:01 2012 Hour Cron Completed ...
###########################

Hourly Cron started ...
########################
cron_wo_feedback_alerts.php exit status good
Mon Apr 2 20:03:01 2012 Hour Cron Completed ...
###########################

Hourly Cron started ...
########################
cron_wo_feedback_alerts.php exit status good
Mon Apr 2 21:03:01 2012 Hour Cron Completed ...
###########################

Hourly Cron started ...
########################
cron_wo_feedback_alerts.php exit status good
Mon Apr 2 22:03:01 2012 Hour Cron Completed ...
###########################

Hourly Cron started ...
########################
cron_wo_feedback_alerts.php exit status good
Mon Apr 2 23:03:01 2012 Hour Cron Completed ...
###########################

Hourly Cron started ...
########################
cron_wo_feedback_alerts.php exit status good
Tue Apr 3 00:03:02 2012 Hour Cron Completed ...
###########################

Hourly Cron started ...
########################
cron_wo_feedback_alerts.php exit status good
Tue Apr 3 01:03:01 2012 Hour Cron Completed ...
###########################

Hourly Cron started ...
########################
cron_wo_feedback_alerts.php exit status good
Tue Apr 3 02:03:01 2012 Hour Cron Completed ...
###########################

Hourly Cron started ...
########################
cron_wo_feedback_alerts.php exit status good
Tue Apr 3 03:03:01 2012 Hour Cron Completed ...
###########################

Hourly Cron started ...
########################
cron_wo_feedback_alerts.php exit status good
Tue Apr 3 04:03:01 2012 Hour Cron Completed ...
###########################

Hourly Cron started ...
########################
cron_wo_feedback_alerts.php exit status good
Tue Apr 3 05:03:01 2012 Hour Cron Completed ...
###########################

Hourly Cron started ...
########################
cron_wo_feedback_alerts.php exit status good
Tue Apr 3 06:03:01 2012 Hour Cron Completed ...
###########################

Hourly Cron started ...
########################
cron_wo_feedback_alerts.php exit status good
Tue Apr 3 07:03:01 2012 Hour Cron Completed ...
###########################

Hourly Cron started ...
########################
cron_wo_feedback_alerts.php exit status good
Tue Apr 3 08:03:02 2012 Hour Cron Completed ...
###########################

Hourly Cron started ...
########################
cron_wo_feedback_alerts.php exit status good
Tue Apr 3 09:03:01 2012 Hour Cron Completed ...
###########################

Hourly Cron started ...
########################
cron_wo_feedback_alerts.php exit status good
Tue Apr 3 10:03:01 2012 Hour Cron Completed ...
###########################

Hourly Cron started ...
########################
cron_wo_feedback_alerts.php exit status good
Tue Apr 3 11:03:01 2012 Hour Cron Completed ...
###########################

Hourly Cron started ...
########################
cron_wo_feedback_alerts.php exit status good
Tue Apr 3 12:03:01 2012 Hour Cron Completed ...
###########################

Hourly Cron started ...
########################
cron_wo_feedback_alerts.php exit status good
Tue Apr 3 13:03:01 2012 Hour Cron Completed ...
###########################

Hourly Cron started ...
########################
cron_wo_feedback_alerts.php exit status good
Tue Apr 3 14:03:01 2012 Hour Cron Completed ...
###########################

Hourly Cron started ...
########################
cron_wo_feedback_alerts.php exit status good
Tue Apr 3 15:03:01 2012 Hour Cron Completed ...
###########################

Hourly Cron started ...
########################
cron_wo_feedback_alerts.php exit status good
Tue Apr 3 16:03:02 2012 Hour Cron Completed ...
###########################

Hourly Cron started ...
########################
cron_wo_feedback_alerts.php exit status good
Tue Apr 3 17:03:01 2012 Hour Cron Completed ...
###########################

Hourly Cron started ...
########################
cron_wo_feedback_alerts.php exit status good
Tue Apr 3 18:03:02 2012 Hour Cron Completed ...
###########################

Hourly Cron started ...
########################
cron_wo_feedback_alerts.php exit status good
Tue Apr 3 19:03:01 2012 Hour Cron Completed ...
###########################

Hourly Cron started ...
########################
cron_wo_feedback_alerts.php exit status good
Tue Apr 3 20:03:01 2012 Hour Cron Completed ...
###########################

Hourly Cron started ...
########################
cron_wo_feedback_alerts.php exit status good
Tue Apr 3 21:03:01 2012 Hour Cron Completed ...
###########################

Hourly Cron started ...
########################
cron_wo_feedback_alerts.php exit status good
Tue Apr 3 22:03:01 2012 Hour Cron Completed ...
###########################

Hourly Cron started ...
########################
cron_wo_feedback_alerts.php exit status good
Tue Apr 3 23:03:01 2012 Hour Cron Completed ...
###########################

Hourly Cron started ...
########################
cron_wo_feedback_alerts.php exit status good
Wed Apr 4 00:03:01 2012 Hour Cron Completed ...
###########################

Hourly Cron started ...
########################
cron_wo_feedback_alerts.php exit status good
Wed Apr 4 01:03:01 2012 Hour Cron Completed ...
###########################

Hourly Cron started ...
########################
cron_wo_feedback_alerts.php exit status good
Wed Apr 4 02:03:01 2012 Hour Cron Completed ...
###########################

Hourly Cron started ...
########################
cron_wo_feedback_alerts.php exit status good
Wed Apr 4 03:03:01 2012 Hour Cron Completed ...
###########################

Hourly Cron started ...
########################
cron_wo_feedback_alerts.php exit status good
Wed Apr 4 04:03:02 2012 Hour Cron Completed ...
###########################

Hourly Cron started ...
########################
cron_wo_feedback_alerts.php exit status good
Wed Apr 4 05:03:01 2012 Hour Cron Completed ...
###########################

Hourly Cron started ...
########################
cron_wo_feedback_alerts.php exit status good
Wed Apr 4 06:03:01 2012 Hour Cron Completed ...
###########################

Hourly Cron started ...
########################
cron_wo_feedback_alerts.php exit status good
Wed Apr 4 07:03:01 2012 Hour Cron Completed ...
###########################

Hourly Cron started ...
########################
cron_wo_feedback_alerts.php exit status good
Wed Apr 4 08:03:01 2012 Hour Cron Completed ...
###########################

Hourly Cron started ...
########################
cron_wo_feedback_alerts.php exit status good
Wed Apr 4 09:03:01 2012 Hour Cron Completed ...
###########################

Hourly Cron started ...
########################
cron_wo_feedback_alerts.php exit status good
Wed Apr 4 10:03:01 2012 Hour Cron Completed ...
###########################

Hourly Cron started ...
########################
cron_wo_feedback_alerts.php exit status good
Wed Apr 4 11:03:01 2012 Hour Cron Completed ...
###########################

Hourly Cron started ...
########################
cron_wo_feedback_alerts.php exit status good
Wed Apr 4 12:03:01 2012 Hour Cron Completed ...
###########################

Hourly Cron started ...
########################
cron_wo_feedback_alerts.php exit status good
Wed Apr 4 13:03:01 2012 Hour Cron Completed ...
###########################

Hourly Cron started ...
########################
cron_wo_feedback_alerts.php exit status good
Wed Apr 4 14:03:01 2012 Hour Cron Completed ...
###########################

Hourly Cron started ...
########################
cron_wo_feedback_alerts.php exit status good
Wed Apr 4 15:03:01 2012 Hour Cron Completed ...
###########################

Hourly Cron started ...
########################
cron_wo_feedback_alerts.php exit status good
Wed Apr 4 16:03:01 2012 Hour Cron Completed ...
###########################

Hourly Cron started ...
########################
cron_wo_feedback_alerts.php exit status good
Wed Apr 4 17:03:01 2012 Hour Cron Completed ...
###########################

Hourly Cron started ...
########################
cron_wo_feedback_alerts.php exit status good
Wed Apr 4 18:03:01 2012 Hour Cron Completed ...
###########################

Hourly Cron started ...
########################
cron_wo_feedback_alerts.php exit status good
Wed Apr 4 19:03:02 2012 Hour Cron Completed ...
###########################

Hourly Cron started ...
########################
cron_wo_feedback_alerts.php exit status good
Wed Apr 4 20:03:01 2012 Hour Cron Completed ...
###########################

Hourly Cron started ...
########################
cron_wo_feedback_alerts.php exit status good
Wed Apr 4 21:03:01 2012 Hour Cron Completed ...
###########################

Hourly Cron started ...
########################
cron_wo_feedback_alerts.php exit status good
Wed Apr 4 22:03:01 2012 Hour Cron Completed ...
###########################

Hourly Cron started ...
########################
cron_wo_feedback_alerts.php exit status good
Wed Apr 4 23:03:01 2012 Hour Cron Completed ...
###########################

Hourly Cron started ...
########################
cron_wo_feedback_alerts.php exit status good
Thu Apr 5 00:03:01 2012 Hour Cron Completed ...
###########################

Hourly Cron started ...
########################
cron_wo_feedback_alerts.php exit status good
Thu Apr 5 01:03:01 2012 Hour Cron Completed ...
###########################

Hourly Cron started ...
########################
cron_wo_feedback_alerts.php exit status good
Thu Apr 5 02:03:01 2012 Hour Cron Completed ...
###########################

Hourly Cron started ...
########################
cron_wo_feedback_alerts.php exit status good
Thu Apr 5 03:03:01 2012 Hour Cron Completed ...
###########################

Hourly Cron started ...
########################
cron_wo_feedback_alerts.php exit status good
Thu Apr 5 04:03:01 2012 Hour Cron Completed ...
###########################

Hourly Cron started ...
########################
cron_wo_feedback_alerts.php exit status good
Thu Apr 5 05:03:01 2012 Hour Cron Completed ...
###########################

Hourly Cron started ...
########################
cron_wo_feedback_alerts.php exit status good
Thu Apr 5 06:03:01 2012 Hour Cron Completed ...
###########################

Hourly Cron started ...
########################
cron_wo_feedback_alerts.php exit status good
Thu Apr 5 07:03:01 2012 Hour Cron Completed ...
###########################

Hourly Cron started ...
########################
cron_wo_feedback_alerts.php exit status good
Thu Apr 5 08:03:01 2012 Hour Cron Completed ...
###########################

Hourly Cron started ...
########################
cron_wo_feedback_alerts.php exit status good
Thu Apr 5 09:03:01 2012 Hour Cron Completed ...
###########################

Hourly Cron started ...
########################
cron_wo_feedback_alerts.php exit status good
Thu Apr 5 10:03:01 2012 Hour Cron Completed ...
###########################

Hourly Cron started ...
########################
cron_wo_feedback_alerts.php exit status good
Thu Apr 5 11:03:01 2012 Hour Cron Completed ...
###########################

Hourly Cron started ...
########################
cron_wo_feedback_alerts.php exit status good
Thu Apr 5 12:03:02 2012 Hour Cron Completed ...
###########################

Hourly Cron started ...
########################
cron_wo_feedback_alerts.php exit status good
Thu Apr 5 13:03:01 2012 Hour Cron Completed ...
###########################

Hourly Cron started ...
########################
cron_wo_feedback_alerts.php exit status good
Thu Apr 5 14:03:01 2012 Hour Cron Completed ...
###########################

Hourly Cron started ...
########################
cron_wo_feedback_alerts.php exit status good
Thu Apr 5 15:03:01 2012 Hour Cron Completed ...
###########################

Hourly Cron started ...
########################
cron_wo_feedback_alerts.php exit status good
Thu Apr 5 16:03:01 2012 Hour Cron Completed ...
###########################

Hourly Cron started ...
########################
cron_wo_feedback_alerts.php exit status good
Thu Apr 5 17:03:01 2012 Hour Cron Completed ...
###########################

Hourly Cron started ...
########################
cron_wo_feedback_alerts.php exit status good
Thu Apr 5 18:03:01 2012 Hour Cron Completed ...
###########################

Hourly Cron started ...
########################
cron_wo_feedback_alerts.php exit status good
Thu Apr 5 19:03:01 2012 Hour Cron Completed ...
###########################

Hourly Cron started ...
########################
cron_wo_feedback_alerts.php exit status good
Thu Apr 5 20:03:02 2012 Hour Cron Completed ...
###########################

Hourly Cron started ...
########################
cron_wo_feedback_alerts.php exit status good
Thu Apr 5 21:03:01 2012 Hour Cron Completed ...
###########################

Hourly Cron started ...
########################
cron_wo_feedback_alerts.php exit status good
Thu Apr 5 22:03:01 2012 Hour Cron Completed ...
###########################

Hourly Cron started ...
########################
cron_wo_feedback_alerts.php exit status good
Thu Apr 5 23:03:01 2012 Hour Cron Completed ...
###########################

Hourly Cron started ...
########################
cron_wo_feedback_alerts.php exit status good
Fri Apr 6 00:03:01 2012 Hour Cron Completed ...
###########################

Hourly Cron started ...
########################
cron_wo_feedback_alerts.php exit status good
Fri Apr 6 01:03:02 2012 Hour Cron Completed ...
###########################

Hourly Cron started ...
########################
cron_wo_feedback_alerts.php exit status good
Fri Apr 6 02:03:01 2012 Hour Cron Completed ...
###########################

Hourly Cron started ...
########################
cron_wo_feedback_alerts.php exit status good
Fri Apr 6 03:03:01 2012 Hour Cron Completed ...
###########################

Hourly Cron started ...
########################
cron_wo_feedback_alerts.php exit status good
Fri Apr 6 04:03:01 2012 Hour Cron Completed ...
###########################

Hourly Cron started ...
########################
cron_wo_feedback_alerts.php exit status good
Fri Apr 6 05:03:02 2012 Hour Cron Completed ...
###########################

Hourly Cron started ...
########################
cron_wo_feedback_alerts.php exit status good
Fri Apr 6 06:03:01 2012 Hour Cron Completed ...
###########################

Hourly Cron started ...
########################
cron_wo_feedback_alerts.php exit status good
Fri Apr 6 07:03:01 2012 Hour Cron Completed ...
###########################

Hourly Cron started ...
########################
cron_wo_feedback_alerts.php exit status good
Fri Apr 6 08:03:01 2012 Hour Cron Completed ...
###########################

Hourly Cron started ...
########################
cron_wo_feedback_alerts.php exit status good
Fri Apr 6 09:03:01 2012 Hour Cron Completed ...
###########################

Hourly Cron started ...
########################
cron_wo_feedback_alerts.php exit status good
Fri Apr 6 10:03:01 2012 Hour Cron Completed ...
###########################

Hourly Cron started ...
########################
cron_wo_feedback_alerts.php exit status good
Fri Apr 6 11:03:01 2012 Hour Cron Completed ...
###########################

Hourly Cron started ...
########################
cron_wo_feedback_alerts.php exit status good
Fri Apr 6 12:03:01 2012 Hour Cron Completed ...
###########################

Hourly Cron started ...
########################
cron_wo_feedback_alerts.php exit status good
Fri Apr 6 13:03:01 2012 Hour Cron Completed ...
###########################

Hourly Cron started ...
########################
cron_wo_feedback_alerts.php exit status good
Fri Apr 6 14:03:02 2012 Hour Cron Completed ...
###########################

Hourly Cron started ...
########################
cron_wo_feedback_alerts.php exit status good
Fri Apr 6 15:03:01 2012 Hour Cron Completed ...
###########################

Hourly Cron started ...
########################
cron_wo_feedback_alerts.php exit status good
Fri Apr 6 16:03:01 2012 Hour Cron Completed ...
###########################

Hourly Cron started ...
########################
cron_wo_feedback_alerts.php exit status good
Fri Apr 6 17:03:01 2012 Hour Cron Completed ...
###########################

Hourly Cron started ...
########################
cron_wo_feedback_alerts.php exit status good
Fri Apr 6 18:03:01 2012 Hour Cron Completed ...
###########################

Hourly Cron started ...
########################
cron_wo_feedback_alerts.php exit status good
Fri Apr 6 19:03:01 2012 Hour Cron Completed ...
###########################

Hourly Cron started ...
########################
cron_wo_feedback_alerts.php exit status good
Fri Apr 6 20:03:02 2012 Hour Cron Completed ...
###########################

Hourly Cron started ...
########################
cron_wo_feedback_alerts.php exit status good
Fri Apr 6 21:03:01 2012 Hour Cron Completed ...
###########################

Hourly Cron started ...
########################
cron_wo_feedback_alerts.php exit status good
Fri Apr 6 22:03:01 2012 Hour Cron Completed ...
###########################

Hourly Cron started ...
########################
cron_wo_feedback_alerts.php exit status good
Fri Apr 6 23:03:01 2012 Hour Cron Completed ...
###########################

Hourly Cron started ...
########################
cron_wo_feedback_alerts.php exit status good
Sat Apr 7 00:03:02 2012 Hour Cron Completed ...
###########################

Hourly Cron started ...
########################
cron_wo_feedback_alerts.php exit status good
Sat Apr 7 01:03:02 2012 Hour Cron Completed ...
###########################

Hourly Cron started ...
########################
cron_wo_feedback_alerts.php exit status good
Sat Apr 7 02:03:01 2012 Hour Cron Completed ...
###########################

Hourly Cron started ...
########################
cron_wo_feedback_alerts.php exit status good
Sat Apr 7 03:03:01 2012 Hour Cron Completed ...
###########################

Hourly Cron started ...
########################
cron_wo_feedback_alerts.php exit status good
Sat Apr 7 04:03:02 2012 Hour Cron Completed ...
###########################

Hourly Cron started ...
########################
cron_wo_feedback_alerts.php exit status good
Sat Apr 7 05:03:01 2012 Hour Cron Completed ...
###########################

Hourly Cron started ...
########################
cron_wo_feedback_alerts.php exit status good
Sat Apr 7 06:03:02 2012 Hour Cron Completed ...
###########################

Hourly Cron started ...
########################
cron_wo_feedback_alerts.php exit status good
Sat Apr 7 07:03:02 2012 Hour Cron Completed ...
###########################

Hourly Cron started ...
########################
cron_wo_feedback_alerts.php exit status good
Sat Apr 7 08:03:01 2012 Hour Cron Completed ...
###########################

Hourly Cron started ...
########################
cron_wo_feedback_alerts.php exit status good
Sat Apr 7 09:03:01 2012 Hour Cron Completed ...
###########################

Hourly Cron started ...
########################
cron_wo_feedback_alerts.php exit status good
Sat Apr 7 10:03:02 2012 Hour Cron Completed ...
###########################

Hourly Cron started ...
########################
cron_wo_feedback_alerts.php exit status good
Sat Apr 7 11:03:01 2012 Hour Cron Completed ...
###########################

Hourly Cron started ...
########################
cron_wo_feedback_alerts.php exit status good
Sat Apr 7 12:03:01 2012 Hour Cron Completed ...
###########################

Hourly Cron started ...
########################
cron_wo_feedback_alerts.php exit status good
Sat Apr 7 13:03:01 2012 Hour Cron Completed ...
###########################

Hourly Cron started ...
########################
cron_wo_feedback_alerts.php exit status good
Sat Apr 7 14:03:02 2012 Hour Cron Completed ...
###########################

Hourly Cron started ...
########################
cron_wo_feedback_alerts.php exit status good
Sat Apr 7 15:03:01 2012 Hour Cron Completed ...
###########################

Hourly Cron started ...
########################
cron_wo_feedback_alerts.php exit status good
Sat Apr 7 16:03:01 2012 Hour Cron Completed ...
###########################

Hourly Cron started ...
########################
cron_wo_feedback_alerts.php exit status good
Sat Apr 7 17:03:01 2012 Hour Cron Completed ...
###########################

Hourly Cron started ...
########################
cron_wo_feedback_alerts.php exit status good
Sat Apr 7 18:03:01 2012 Hour Cron Completed ...
###########################

Hourly Cron started ...
########################
cron_wo_feedback_alerts.php exit status good
Sat Apr 7 19:03:01 2012 Hour Cron Completed ...
###########################

Hourly Cron started ...
########################
cron_wo_feedback_alerts.php exit status good
Sat Apr 7 20:03:01 2012 Hour Cron Completed ...
###########################

Hourly Cron started ...
########################
cron_wo_feedback_alerts.php exit status good
Sat Apr 7 21:03:01 2012 Hour Cron Completed ...
###########################

Hourly Cron started ...
########################
cron_wo_feedback_alerts.php exit status good
Sat Apr 7 22:03:02 2012 Hour Cron Completed ...
###########################

Hourly Cron started ...
########################
cron_wo_feedback_alerts.php exit status good
Sat Apr 7 23:03:01 2012 Hour Cron Completed ...
###########################

Hourly Cron started ...
########################
cron_wo_feedback_alerts.php exit status good
Sun Apr 8 00:03:01 2012 Hour Cron Completed ...
###########################

Hourly Cron started ...
########################
cron_wo_feedback_alerts.php exit status good
Sun Apr 8 01:03:01 2012 Hour Cron Completed ...
###########################

Hourly Cron started ...
########################
cron_wo_feedback_alerts.php exit status good
Sun Apr 8 02:03:01 2012 Hour Cron Completed ...
###########################

Hourly Cron started ...
########################
cron_wo_feedback_alerts.php exit status good
Sun Apr 8 03:03:02 2012 Hour Cron Completed ...
###########################

Hourly Cron started ...
########################
cron_wo_feedback_alerts.php exit status good
Sun Apr 8 04:03:02 2012 Hour Cron Completed ...
###########################

Hourly Cron started ...
########################
cron_wo_feedback_alerts.php exit status good
Sun Apr 8 05:03:01 2012 Hour Cron Completed ...
###########################

Hourly Cron started ...
########################
cron_wo_feedback_alerts.php exit status good
Sun Apr 8 06:03:01 2012 Hour Cron Completed ...
###########################

Hourly Cron started ...
########################
cron_wo_feedback_alerts.php exit status good
Sun Apr 8 07:03:01 2012 Hour Cron Completed ...
###########################

Hourly Cron started ...
########################
cron_wo_feedback_alerts.php exit status good
Sun Apr 8 08:03:01 2012 Hour Cron Completed ...
###########################

Hourly Cron started ...
########################
cron_wo_feedback_alerts.php exit status good
Sun Apr 8 09:03:01 2012 Hour Cron Completed ...
###########################

Hourly Cron started ...
########################
cron_wo_feedback_alerts.php exit status good
Sun Apr 8 10:03:01 2012 Hour Cron Completed ...
###########################

Hourly Cron started ...
########################
cron_wo_feedback_alerts.php exit status good
Sun Apr 8 11:03:01 2012 Hour Cron Completed ...
###########################

Hourly Cron started ...
########################
cron_wo_feedback_alerts.php exit status good
Sun Apr 8 12:03:01 2012 Hour Cron Completed ...
###########################

Hourly Cron started ...
########################
cron_wo_feedback_alerts.php exit status good
Sun Apr 8 13:03:01 2012 Hour Cron Completed ...
###########################

Hourly Cron started ...
########################
cron_wo_feedback_alerts.php exit status good
Sun Apr 8 14:03:01 2012 Hour Cron Completed ...
###########################

Hourly Cron started ...
########################
cron_wo_feedback_alerts.php exit status good
Sun Apr 8 15:03:01 2012 Hour Cron Completed ...
###########################

Hourly Cron started ...
########################
cron_wo_feedback_alerts.php exit status good
Sun Apr 8 16:03:01 2012 Hour Cron Completed ...
###########################

Hourly Cron started ...
########################
cron_wo_feedback_alerts.php exit status good
Sun Apr 8 17:03:01 2012 Hour Cron Completed ...
###########################

Hourly Cron started ...
########################
cron_wo_feedback_alerts.php exit status good
Sun Apr 8 18:03:01 2012 Hour Cron Completed ...
###########################

Hourly Cron started ...
########################
cron_wo_feedback_alerts.php exit status good
Sun Apr 8 19:03:02 2012 Hour Cron Completed ...
###########################

Hourly Cron started ...
########################
cron_wo_feedback_alerts.php exit status good
Sun Apr 8 20:03:01 2012 Hour Cron Completed ...
###########################

Hourly Cron started ...
########################
cron_wo_feedback_alerts.php exit status good
Sun Apr 8 21:03:01 2012 Hour Cron Completed ...
###########################

Hourly Cron started ...
########################
cron_wo_feedback_alerts.php exit status good
Sun Apr 8 22:03:01 2012 Hour Cron Completed ...
###########################

Hourly Cron started ...
########################
cron_wo_feedback_alerts.php exit status good
Sun Apr 8 23:03:01 2012 Hour Cron Completed ...
###########################

Hourly Cron started ...
########################
cron_wo_feedback_alerts.php exit status good
Mon Apr 9 00:03:01 2012 Hour Cron Completed ...
###########################

Hourly Cron started ...
########################
cron_wo_feedback_alerts.php exit status good
Mon Apr 9 01:03:01 2012 Hour Cron Completed ...
###########################

Hourly Cron started ...
########################
cron_wo_feedback_alerts.php exit status good
Mon Apr 9 02:03:01 2012 Hour Cron Completed ...
###########################

Hourly Cron started ...
########################
cron_wo_feedback_alerts.php exit status good
Mon Apr 9 03:03:02 2012 Hour Cron Completed ...
###########################

Hourly Cron started ...
########################
cron_wo_feedback_alerts.php exit status good
Mon Apr 9 04:03:01 2012 Hour Cron Completed ...
###########################

Hourly Cron started ...
########################
cron_wo_feedback_alerts.php exit status good
Mon Apr 9 05:03:01 2012 Hour Cron Completed ...
###########################

Hourly Cron started ...
########################
cron_wo_feedback_alerts.php exit status good
Mon Apr 9 06:03:01 2012 Hour Cron Completed ...
###########################

Hourly Cron started ...
########################
cron_wo_feedback_alerts.php exit status good
Mon Apr 9 07:03:01 2012 Hour Cron Completed ...
###########################

Hourly Cron started ...
########################
cron_wo_feedback_alerts.php exit status good
Mon Apr 9 08:03:02 2012 Hour Cron Completed ...
###########################

Hourly Cron started ...
########################
cron_wo_feedback_alerts.php exit status good
Mon Apr 9 09:03:01 2012 Hour Cron Completed ...
###########################

Hourly Cron started ...
########################
cron_wo_feedback_alerts.php exit status good
Mon Apr 9 10:03:01 2012 Hour Cron Completed ...
###########################

Hourly Cron started ...
########################
cron_wo_feedback_alerts.php exit status good
Mon Apr 9 11:03:01 2012 Hour Cron Completed ...
###########################

Hourly Cron started ...
########################
cron_wo_feedback_alerts.php exit status good
Mon Apr 9 12:03:01 2012 Hour Cron Completed ...
###########################

Hourly Cron started ...
########################
cron_wo_feedback_alerts.php exit status good
Mon Apr 9 13:03:01 2012 Hour Cron Completed ...
###########################

Hourly Cron started ...
########################
cron_wo_feedback_alerts.php exit status good
Mon Apr 9 14:03:01 2012 Hour Cron Completed ...
###########################

Hourly Cron started ...
########################
cron_wo_feedback_alerts.php exit status good
Mon Apr 9 15:03:01 2012 Hour Cron Completed ...
###########################

Hourly Cron started ...
########################
cron_wo_feedback_alerts.php exit status good
Mon Apr 9 16:03:01 2012 Hour Cron Completed ...
###########################

Hourly Cron started ...
########################
cron_wo_feedback_alerts.php exit status good
Mon Apr 9 17:03:02 2012 Hour Cron Completed ...
###########################

Hourly Cron started ...
########################
cron_wo_feedback_alerts.php exit status good
Mon Apr 9 18:03:01 2012 Hour Cron Completed ...
###########################

Hourly Cron started ...
########################
cron_wo_feedback_alerts.php exit status good
Mon Apr 9 19:03:01 2012 Hour Cron Completed ...
###########################

Hourly Cron started ...
########################
cron_wo_feedback_alerts.php exit status good
Mon Apr 9 20:03:02 2012 Hour Cron Completed ...
###########################

Hourly Cron started ...
########################
cron_wo_feedback_alerts.php exit status good
Mon Apr 9 21:03:01 2012 Hour Cron Completed ...
###########################

Hourly Cron started ...
########################
cron_wo_feedback_alerts.php exit status good
Mon Apr 9 22:03:02 2012 Hour Cron Completed ...
###########################

Hourly Cron started ...
########################
cron_wo_feedback_alerts.php exit status good
Mon Apr 9 23:03:01 2012 Hour Cron Completed ...
###########################

Hourly Cron started ...
########################
cron_wo_feedback_alerts.php exit status good
Tue Apr 10 00:03:01 2012 Hour Cron Completed ...
###########################

Hourly Cron started ...
########################
cron_wo_feedback_alerts.php exit status good
Tue Apr 10 01:03:01 2012 Hour Cron Completed ...
###########################

Hourly Cron started ...
########################
cron_wo_feedback_alerts.php exit status good
Tue Apr 10 02:03:02 2012 Hour Cron Completed ...
###########################

Hourly Cron started ...
########################
cron_wo_feedback_alerts.php exit status good
Tue Apr 10 03:03:01 2012 Hour Cron Completed ...
###########################

Hourly Cron started ...
########################
cron_wo_feedback_alerts.php exit status good
Tue Apr 10 04:03:01 2012 Hour Cron Completed ...
###########################

Hourly Cron started ...
########################
cron_wo_feedback_alerts.php exit status good
Tue Apr 10 05:03:02 2012 Hour Cron Completed ...
###########################

Hourly Cron started ...
########################
cron_wo_feedback_alerts.php exit status good
Tue Apr 10 06:03:02 2012 Hour Cron Completed ...
###########################

Hourly Cron started ...
########################
cron_wo_feedback_alerts.php exit status good
Tue Apr 10 07:03:01 2012 Hour Cron Completed ...
###########################

Hourly Cron started ...
########################
cron_wo_feedback_alerts.php exit status good
Tue Apr 10 08:03:01 2012 Hour Cron Completed ...
###########################

Hourly Cron started ...
########################
cron_wo_feedback_alerts.php exit status good
Tue Apr 10 09:03:01 2012 Hour Cron Completed ...
###########################

Hourly Cron started ...
########################
cron_wo_feedback_alerts.php exit status good
Tue Apr 10 10:03:01 2012 Hour Cron Completed ...
###########################

Hourly Cron started ...
########################
cron_wo_feedback_alerts.php exit status good
Tue Apr 10 11:03:01 2012 Hour Cron Completed ...
###########################

Hourly Cron started ...
########################
cron_wo_feedback_alerts.php exit status good
Tue Apr 10 12:03:01 2012 Hour Cron Completed ...
###########################

Hourly Cron started ...
########################
cron_wo_feedback_alerts.php exit status good
Tue Apr 10 13:03:01 2012 Hour Cron Completed ...
###########################

Hourly Cron started ...
########################
cron_wo_feedback_alerts.php exit status good
Tue Apr 10 14:03:01 2012 Hour Cron Completed ...
###########################

Hourly Cron started ...
########################
cron_wo_feedback_alerts.php exit status good
Tue Apr 10 15:03:01 2012 Hour Cron Completed ...
###########################

Hourly Cron started ...
########################
cron_wo_feedback_alerts.php exit status good
Tue Apr 10 16:03:01 2012 Hour Cron Completed ...
###########################

Hourly Cron started ...
########################
cron_wo_feedback_alerts.php exit status good
Tue Apr 10 17:03:01 2012 Hour Cron Completed ...
###########################

Hourly Cron started ...
########################
cron_wo_feedback_alerts.php exit status good
Tue Apr 10 18:03:05 2012 Hour Cron Completed ...
###########################

Hourly Cron started ...
########################
cron_wo_feedback_alerts.php exit status good
Tue Apr 10 19:03:01 2012 Hour Cron Completed ...
###########################

Hourly Cron started ...
########################
cron_wo_feedback_alerts.php exit status good
Tue Apr 10 20:03:01 2012 Hour Cron Completed ...
###########################

Hourly Cron started ...
########################
cron_wo_feedback_alerts.php exit status good
Tue Apr 10 21:03:01 2012 Hour Cron Completed ...
###########################

Hourly Cron started ...
########################
cron_wo_feedback_alerts.php exit status good
Tue Apr 10 22:03:02 2012 Hour Cron Completed ...
###########################

Hourly Cron started ...
########################
cron_wo_feedback_alerts.php exit status good
Tue Apr 10 23:03:01 2012 Hour Cron Completed ...
###########################

Hourly Cron started ...
########################
cron_wo_feedback_alerts.php exit status good
Wed Apr 11 00:03:02 2012 Hour Cron Completed ...
###########################

Hourly Cron started ...
########################
cron_wo_feedback_alerts.php exit status good
Wed Apr 11 01:03:01 2012 Hour Cron Completed ...
###########################

Hourly Cron started ...
########################
cron_wo_feedback_alerts.php exit status good
Wed Apr 11 02:03:01 2012 Hour Cron Completed ...
###########################

Hourly Cron started ...
########################
cron_wo_feedback_alerts.php exit status good
Wed Apr 11 03:03:01 2012 Hour Cron Completed ...
###########################

Hourly Cron started ...
########################
cron_wo_feedback_alerts.php exit status good
Wed Apr 11 04:03:02 2012 Hour Cron Completed ...
###########################

Hourly Cron started ...
########################
cron_wo_feedback_alerts.php exit status good
Wed Apr 11 05:03:01 2012 Hour Cron Completed ...
###########################

Hourly Cron started ...
########################
cron_wo_feedback_alerts.php exit status good
Wed Apr 11 06:03:01 2012 Hour Cron Completed ...
###########################

Hourly Cron started ...
########################
cron_wo_feedback_alerts.php exit status good
Wed Apr 11 07:03:01 2012 Hour Cron Completed ...
###########################

Hourly Cron started ...
########################
cron_wo_feedback_alerts.php exit status good
Wed Apr 11 08:03:02 2012 Hour Cron Completed ...
###########################

Hourly Cron started ...
########################
cron_wo_feedback_alerts.php exit status good
Wed Apr 11 09:03:01 2012 Hour Cron Completed ...
###########################

Hourly Cron started ...
########################
cron_wo_feedback_alerts.php exit status good
Wed Apr 11 10:03:01 2012 Hour Cron Completed ...
###########################

Hourly Cron started ...
########################
cron_wo_feedback_alerts.php exit status good
Wed Apr 11 11:03:01 2012 Hour Cron Completed ...
###########################

Hourly Cron started ...
########################
cron_wo_feedback_alerts.php exit status good
Wed Apr 11 12:03:01 2012 Hour Cron Completed ...
###########################

Hourly Cron started ...
########################
cron_wo_feedback_alerts.php exit status good
Wed Apr 11 13:03:01 2012 Hour Cron Completed ...
###########################

Hourly Cron started ...
########################
cron_wo_feedback_alerts.php exit status good
Wed Apr 11 14:03:02 2012 Hour Cron Completed ...
###########################

Hourly Cron started ...
########################
cron_wo_feedback_alerts.php exit status good
Wed Apr 11 15:03:01 2012 Hour Cron Completed ...
###########################

Hourly Cron started ...
########################
cron_wo_feedback_alerts.php exit status good
Wed Apr 11 16:03:01 2012 Hour Cron Completed ...
###########################

Hourly Cron started ...
########################
cron_wo_feedback_alerts.php exit status good
Wed Apr 11 17:03:01 2012 Hour Cron Completed ...
###########################

Hourly Cron started ...
########################
cron_wo_feedback_alerts.php exit status good
Wed Apr 11 18:03:01 2012 Hour Cron Completed ...
###########################

Hourly Cron started ...
########################
cron_wo_feedback_alerts.php exit status good
Wed Apr 11 19:03:01 2012 Hour Cron Completed ...
###########################

Hourly Cron started ...
########################
cron_wo_feedback_alerts.php exit status good
Wed Apr 11 20:03:01 2012 Hour Cron Completed ...
###########################

Hourly Cron started ...
########################
cron_wo_feedback_alerts.php exit status good
Wed Apr 11 21:03:01 2012 Hour Cron Completed ...
###########################

Hourly Cron started ...
########################
cron_wo_feedback_alerts.php exit status good
Wed Apr 11 22:03:01 2012 Hour Cron Completed ...
###########################

Hourly Cron started ...
########################
cron_wo_feedback_alerts.php exit status good
Wed Apr 11 23:03:01 2012 Hour Cron Completed ...
###########################

Hourly Cron started ...
########################
cron_wo_feedback_alerts.php exit status good
Thu Apr 12 00:03:01 2012 Hour Cron Completed ...
###########################

Hourly Cron started ...
########################
cron_wo_feedback_alerts.php exit status good
Thu Apr 12 01:03:01 2012 Hour Cron Completed ...
###########################

Hourly Cron started ...
########################
cron_wo_feedback_alerts.php exit status good
Thu Apr 12 02:03:01 2012 Hour Cron Completed ...
###########################

Hourly Cron started ...
########################
cron_wo_feedback_alerts.php exit status good
Thu Apr 12 03:03:01 2012 Hour Cron Completed ...
###########################

Hourly Cron started ...
########################
cron_wo_feedback_alerts.php exit status good
Thu Apr 12 04:03:01 2012 Hour Cron Completed ...
###########################

Hourly Cron started ...
########################
cron_wo_feedback_alerts.php exit status good
Thu Apr 12 05:03:01 2012 Hour Cron Completed ...
###########################

Hourly Cron started ...
########################
cron_wo_feedback_alerts.php exit status good
Thu Apr 12 06:03:01 2012 Hour Cron Completed ...
###########################

Hourly Cron started ...
########################
cron_wo_feedback_alerts.php exit status good
Thu Apr 12 07:03:01 2012 Hour Cron Completed ...
###########################

Hourly Cron started ...
########################
cron_wo_feedback_alerts.php exit status good
Thu Apr 12 08:03:01 2012 Hour Cron Completed ...
###########################

Hourly Cron started ...
########################
cron_wo_feedback_alerts.php exit status good
Thu Apr 12 09:03:02 2012 Hour Cron Completed ...
###########################

Hourly Cron started ...
########################
cron_wo_feedback_alerts.php exit status good
Thu Apr 12 10:03:01 2012 Hour Cron Completed ...
###########################

Hourly Cron started ...
########################
cron_wo_feedback_alerts.php exit status good
Thu Apr 12 11:03:01 2012 Hour Cron Completed ...
###########################

Hourly Cron started ...
########################
cron_wo_feedback_alerts.php exit status good
Thu Apr 12 12:03:01 2012 Hour Cron Completed ...
###########################

Hourly Cron started ...
########################
cron_wo_feedback_alerts.php exit status good
Thu Apr 12 13:03:01 2012 Hour Cron Completed ...
###########################

Hourly Cron started ...
########################
cron_wo_feedback_alerts.php exit status good
Thu Apr 12 14:03:01 2012 Hour Cron Completed ...
###########################

Hourly Cron started ...
########################
cron_wo_feedback_alerts.php exit status good
Thu Apr 12 15:03:01 2012 Hour Cron Completed ...
###########################

Hourly Cron started ...
########################
cron_wo_feedback_alerts.php exit status good
Thu Apr 12 16:03:01 2012 Hour Cron Completed ...
###########################

Hourly Cron started ...
########################
cron_wo_feedback_alerts.php exit status good
Thu Apr 12 17:03:01 2012 Hour Cron Completed ...
###########################

Hourly Cron started ...
########################
cron_wo_feedback_alerts.php exit status good
Thu Apr 12 18:03:01 2012 Hour Cron Completed ...
###########################

Hourly Cron started ...
########################
cron_wo_feedback_alerts.php exit status good
Thu Apr 12 19:03:01 2012 Hour Cron Completed ...
###########################

Hourly Cron started ...
########################
cron_wo_feedback_alerts.php exit status good
Thu Apr 12 20:03:01 2012 Hour Cron Completed ...
###########################

Hourly Cron started ...
########################
cron_wo_feedback_alerts.php exit status good
Thu Apr 12 21:03:02 2012 Hour Cron Completed ...
###########################

Hourly Cron started ...
########################
cron_wo_feedback_alerts.php exit status good
Thu Apr 12 22:03:01 2012 Hour Cron Completed ...
###########################

Hourly Cron started ...
########################
cron_wo_feedback_alerts.php exit status good
Thu Apr 12 23:03:01 2012 Hour Cron Completed ...
###########################

Hourly Cron started ...
########################
cron_wo_feedback_alerts.php exit status good
Fri Apr 13 00:03:02 2012 Hour Cron Completed ...
###########################

Hourly Cron started ...
########################
cron_wo_feedback_alerts.php exit status good
Fri Apr 13 01:03:02 2012 Hour Cron Completed ...
###########################

Hourly Cron started ...
########################
cron_wo_feedback_alerts.php exit status good
Fri Apr 13 02:03:01 2012 Hour Cron Completed ...
###########################

Hourly Cron started ...
########################
cron_wo_feedback_alerts.php exit status good
Fri Apr 13 03:03:01 2012 Hour Cron Completed ...
###########################

Hourly Cron started ...
########################
cron_wo_feedback_alerts.php exit status good
Fri Apr 13 04:03:01 2012 Hour Cron Completed ...
###########################

Hourly Cron started ...
########################
cron_wo_feedback_alerts.php exit status good
Fri Apr 13 05:03:01 2012 Hour Cron Completed ...
###########################

Hourly Cron started ...
########################
cron_wo_feedback_alerts.php exit status good
Fri Apr 13 06:03:01 2012 Hour Cron Completed ...
###########################

Hourly Cron started ...
########################
cron_wo_feedback_alerts.php exit status good
Fri Apr 13 07:03:01 2012 Hour Cron Completed ...
###########################

Hourly Cron started ...
########################
cron_wo_feedback_alerts.php exit status good
Fri Apr 13 08:03:01 2012 Hour Cron Completed ...
###########################

Hourly Cron started ...
########################
cron_wo_feedback_alerts.php exit status good
Fri Apr 13 09:03:01 2012 Hour Cron Completed ...
###########################

Hourly Cron started ...
########################
cron_wo_feedback_alerts.php exit status good
Fri Apr 13 10:03:01 2012 Hour Cron Completed ...
###########################

Hourly Cron started ...
########################
cron_wo_feedback_alerts.php exit status good
Fri Apr 13 11:03:01 2012 Hour Cron Completed ...
###########################

Hourly Cron started ...
########################
cron_wo_feedback_alerts.php exit status good
Fri Apr 13 12:03:01 2012 Hour Cron Completed ...
###########################

Hourly Cron started ...
########################
cron_wo_feedback_alerts.php exit status good
Fri Apr 13 13:03:01 2012 Hour Cron Completed ...
###########################

Hourly Cron started ...
########################
cron_wo_feedback_alerts.php exit status good
Fri Apr 13 14:03:01 2012 Hour Cron Completed ...
###########################

Hourly Cron started ...
########################
cron_wo_feedback_alerts.php exit status good
Fri Apr 13 15:03:01 2012 Hour Cron Completed ...
###########################

Hourly Cron started ...
########################
cron_wo_feedback_alerts.php exit status good
Fri Apr 13 16:03:01 2012 Hour Cron Completed ...
###########################

Hourly Cron started ...
########################
cron_wo_feedback_alerts.php exit status good
Fri Apr 13 17:03:01 2012 Hour Cron Completed ...
###########################

Hourly Cron started ...
########################
cron_wo_feedback_alerts.php exit status good
Fri Apr 13 18:03:01 2012 Hour Cron Completed ...
###########################

Hourly Cron started ...
########################
cron_wo_feedback_alerts.php exit status good
Fri Apr 13 19:03:01 2012 Hour Cron Completed ...
###########################

Hourly Cron started ...
########################
cron_wo_feedback_alerts.php exit status good
Fri Apr 13 20:03:01 2012 Hour Cron Completed ...
###########################

Hourly Cron started ...
########################
cron_wo_feedback_alerts.php exit status good
Fri Apr 13 21:03:01 2012 Hour Cron Completed ...
###########################

Hourly Cron started ...
########################
cron_wo_feedback_alerts.php exit status good
Fri Apr 13 22:03:01 2012 Hour Cron Completed ...
###########################

Hourly Cron started ...
########################
cron_wo_feedback_alerts.php exit status good
Fri Apr 13 23:03:02 2012 Hour Cron Completed ...
###########################

Hourly Cron started ...
########################
cron_wo_feedback_alerts.php exit status good
Sat Apr 14 00:03:01 2012 Hour Cron Completed ...
###########################

Hourly Cron started ...
########################
cron_wo_feedback_alerts.php exit status good
Sat Apr 14 01:03:01 2012 Hour Cron Completed ...
###########################

Hourly Cron started ...
########################
cron_wo_feedback_alerts.php exit status good
Sat Apr 14 02:03:01 2012 Hour Cron Completed ...
###########################

Hourly Cron started ...
########################
cron_wo_feedback_alerts.php exit status good
Sat Apr 14 03:03:01 2012 Hour Cron Completed ...
###########################

Hourly Cron started ...
########################
cron_wo_feedback_alerts.php exit status good
Sat Apr 14 04:03:02 2012 Hour Cron Completed ...
###########################

Hourly Cron started ...
########################
cron_wo_feedback_alerts.php exit status good
Sat Apr 14 05:03:02 2012 Hour Cron Completed ...
###########################

Hourly Cron started ...
########################
cron_wo_feedback_alerts.php exit status good
Sat Apr 14 06:03:01 2012 Hour Cron Completed ...
###########################

Hourly Cron started ...
########################
cron_wo_feedback_alerts.php exit status good
Sat Apr 14 07:03:01 2012 Hour Cron Completed ...
###########################

Hourly Cron started ...
########################
cron_wo_feedback_alerts.php exit status good
Sat Apr 14 08:03:01 2012 Hour Cron Completed ...
###########################

Hourly Cron started ...
########################
cron_wo_feedback_alerts.php exit status good
Sat Apr 14 09:03:01 2012 Hour Cron Completed ...
###########################

Hourly Cron started ...
########################
cron_wo_feedback_alerts.php exit status good
Sat Apr 14 10:03:01 2012 Hour Cron Completed ...
###########################

Hourly Cron started ...
########################
cron_wo_feedback_alerts.php exit status good
Sat Apr 14 11:03:02 2012 Hour Cron Completed ...
###########################

Hourly Cron started ...
########################
cron_wo_feedback_alerts.php exit status good
Sat Apr 14 12:03:02 2012 Hour Cron Completed ...
###########################

Hourly Cron started ...
########################
cron_wo_feedback_alerts.php exit status good
Sat Apr 14 13:03:01 2012 Hour Cron Completed ...
###########################

Hourly Cron started ...
########################
cron_wo_feedback_alerts.php exit status good
Sat Apr 14 14:03:01 2012 Hour Cron Completed ...
###########################

Hourly Cron started ...
########################
cron_wo_feedback_alerts.php exit status good
Sat Apr 14 15:03:01 2012 Hour Cron Completed ...
###########################

Hourly Cron started ...
########################
cron_wo_feedback_alerts.php exit status good
Sat Apr 14 16:03:01 2012 Hour Cron Completed ...
###########################

Hourly Cron started ...
########################
cron_wo_feedback_alerts.php exit status good
Sat Apr 14 17:03:01 2012 Hour Cron Completed ...
###########################

Hourly Cron started ...
########################
cron_wo_feedback_alerts.php exit status good
Sat Apr 14 18:03:01 2012 Hour Cron Completed ...
###########################

Hourly Cron started ...
########################
cron_wo_feedback_alerts.php exit status good
Sat Apr 14 19:03:01 2012 Hour Cron Completed ...
###########################

Hourly Cron started ...
########################
cron_wo_feedback_alerts.php exit status good
Sat Apr 14 20:03:01 2012 Hour Cron Completed ...
###########################

Hourly Cron started ...
########################
cron_wo_feedback_alerts.php exit status good
Sat Apr 14 21:03:01 2012 Hour Cron Completed ...
###########################

Hourly Cron started ...
########################
cron_wo_feedback_alerts.php exit status good
Sat Apr 14 22:03:01 2012 Hour Cron Completed ...
###########################

Hourly Cron started ...
########################
cron_wo_feedback_alerts.php exit status good
Sat Apr 14 23:03:01 2012 Hour Cron Completed ...
###########################

Hourly Cron started ...
########################
cron_wo_feedback_alerts.php exit status good
Sun Apr 15 00:03:01 2012 Hour Cron Completed ...
###########################

Hourly Cron started ...
########################
cron_wo_feedback_alerts.php exit status good
Sun Apr 15 01:03:01 2012 Hour Cron Completed ...
###########################

Hourly Cron started ...
########################
cron_wo_feedback_alerts.php exit status good
Sun Apr 15 02:03:02 2012 Hour Cron Completed ...
###########################

Hourly Cron started ...
########################
cron_wo_feedback_alerts.php exit status good
Sun Apr 15 03:03:01 2012 Hour Cron Completed ...
###########################

Hourly Cron started ...
########################
cron_wo_feedback_alerts.php exit status good
Sun Apr 15 04:03:01 2012 Hour Cron Completed ...
###########################

Hourly Cron started ...
########################
cron_wo_feedback_alerts.php exit status good
Sun Apr 15 05:03:02 2012 Hour Cron Completed ...
###########################

Hourly Cron started ...
########################
cron_wo_feedback_alerts.php exit status good
Sun Apr 15 06:03:02 2012 Hour Cron Completed ...
###########################

Hourly Cron started ...
########################
cron_wo_feedback_alerts.php exit status good
Sun Apr 15 07:03:02 2012 Hour Cron Completed ...
###########################

Hourly Cron started ...
########################
cron_wo_feedback_alerts.php exit status good
Sun Apr 15 08:03:01 2012 Hour Cron Completed ...
###########################

Hourly Cron started ...
########################
cron_wo_feedback_alerts.php exit status good
Sun Apr 15 09:03:01 2012 Hour Cron Completed ...
###########################

Hourly Cron started ...
########################
cron_wo_feedback_alerts.php exit status good
Sun Apr 15 10:03:01 2012 Hour Cron Completed ...
###########################

Hourly Cron started ...
########################
cron_wo_feedback_alerts.php exit status good
Sun Apr 15 11:03:01 2012 Hour Cron Completed ...
###########################

Hourly Cron started ...
########################
cron_wo_feedback_alerts.php exit status good
Sun Apr 15 12:03:01 2012 Hour Cron Completed ...
###########################

Hourly Cron started ...
########################
cron_wo_feedback_alerts.php exit status good
Sun Apr 15 13:03:01 2012 Hour Cron Completed ...
###########################

Hourly Cron started ...
########################
cron_wo_feedback_alerts.php exit status good
Sun Apr 15 14:03:01 2012 Hour Cron Completed ...
###########################

Hourly Cron started ...
########################
cron_wo_feedback_alerts.php exit status good
Sun Apr 15 15:03:02 2012 Hour Cron Completed ...
###########################

Hourly Cron started ...
########################
cron_wo_feedback_alerts.php exit status good
Sun Apr 15 16:03:02 2012 Hour Cron Completed ...
###########################

Hourly Cron started ...
########################
cron_wo_feedback_alerts.php exit status good
Sun Apr 15 17:03:01 2012 Hour Cron Completed ...
###########################

Hourly Cron started ...
########################
cron_wo_feedback_alerts.php exit status good
Sun Apr 15 18:03:01 2012 Hour Cron Completed ...
###########################

Hourly Cron started ...
########################
cron_wo_feedback_alerts.php exit status good
Sun Apr 15 19:03:01 2012 Hour Cron Completed ...
###########################

Hourly Cron started ...
########################
cron_wo_feedback_alerts.php exit status good
Sun Apr 15 20:03:02 2012 Hour Cron Completed ...
###########################

Hourly Cron started ...
########################
cron_wo_feedback_alerts.php exit status good
Sun Apr 15 21:03:01 2012 Hour Cron Completed ...
###########################

Hourly Cron started ...
########################
cron_wo_feedback_alerts.php exit status good
Sun Apr 15 22:03:01 2012 Hour Cron Completed ...
###########################

Hourly Cron started ...
########################
cron_wo_feedback_alerts.php exit status good
Sun Apr 15 23:03:02 2012 Hour Cron Completed ...
###########################

Hourly Cron started ...
########################
cron_wo_feedback_alerts.php exit status good
Mon Apr 16 00:03:01 2012 Hour Cron Completed ...
###########################

Hourly Cron started ...
########################
cron_wo_feedback_alerts.php exit status good
Mon Apr 16 01:03:01 2012 Hour Cron Completed ...
###########################

Hourly Cron started ...
########################
cron_wo_feedback_alerts.php exit status good
Mon Apr 16 02:03:01 2012 Hour Cron Completed ...
###########################

Hourly Cron started ...
########################
cron_wo_feedback_alerts.php exit status good
Mon Apr 16 03:03:01 2012 Hour Cron Completed ...
###########################

Hourly Cron started ...
########################
cron_wo_feedback_alerts.php exit status good
Mon Apr 16 04:03:02 2012 Hour Cron Completed ...
###########################

Hourly Cron started ...
########################
cron_wo_feedback_alerts.php exit status good
Mon Apr 16 05:03:01 2012 Hour Cron Completed ...
###########################

Hourly Cron started ...
########################
cron_wo_feedback_alerts.php exit status good
Mon Apr 16 06:03:01 2012 Hour Cron Completed ...
###########################

Hourly Cron started ...
########################
cron_wo_feedback_alerts.php exit status good
Mon Apr 16 07:03:01 2012 Hour Cron Completed ...
###########################

Hourly Cron started ...
########################
cron_wo_feedback_alerts.php exit status good
Mon Apr 16 08:03:02 2012 Hour Cron Completed ...
###########################

Hourly Cron started ...
########################
cron_wo_feedback_alerts.php exit status good
Mon Apr 16 09:03:01 2012 Hour Cron Completed ...
###########################

Hourly Cron started ...
########################
cron_wo_feedback_alerts.php exit status good
Mon Apr 16 10:03:01 2012 Hour Cron Completed ...
###########################

Hourly Cron started ...
########################
cron_wo_feedback_alerts.php exit status good
Mon Apr 16 11:03:01 2012 Hour Cron Completed ...
###########################

Hourly Cron started ...
########################
cron_wo_feedback_alerts.php exit status good
Mon Apr 16 12:03:01 2012 Hour Cron Completed ...
###########################

Hourly Cron started ...
########################
cron_wo_feedback_alerts.php exit status good
Mon Apr 16 13:03:01 2012 Hour Cron Completed ...
###########################

Hourly Cron started ...
########################
cron_wo_feedback_alerts.php exit status good
Mon Apr 16 14:03:01 2012 Hour Cron Completed ...
###########################

Hourly Cron started ...
########################
cron_wo_feedback_alerts.php exit status good
Mon Apr 16 15:03:01 2012 Hour Cron Completed ...
###########################

Hourly Cron started ...
########################
cron_wo_feedback_alerts.php exit status good
Mon Apr 16 16:03:01 2012 Hour Cron Completed ...
###########################

Hourly Cron started ...
########################
cron_wo_feedback_alerts.php exit status good
Mon Apr 16 17:03:01 2012 Hour Cron Completed ...
###########################

Hourly Cron started ...
########################
cron_wo_feedback_alerts.php exit status good
Mon Apr 16 18:03:01 2012 Hour Cron Completed ...
###########################

Hourly Cron started ...
########################
cron_wo_feedback_alerts.php exit status good
Mon Apr 16 19:03:01 2012 Hour Cron Completed ...
###########################

Hourly Cron started ...
########################
cron_wo_feedback_alerts.php exit status good
Mon Apr 16 20:03:01 2012 Hour Cron Completed ...
###########################

Hourly Cron started ...
########################
cron_wo_feedback_alerts.php exit status good
Mon Apr 16 21:03:01 2012 Hour Cron Completed ...
###########################

Hourly Cron started ...
########################
cron_wo_feedback_alerts.php exit status good
Mon Apr 16 22:03:02 2012 Hour Cron Completed ...
###########################

Hourly Cron started ...
########################
cron_wo_feedback_alerts.php exit status good
Mon Apr 16 23:03:01 2012 Hour Cron Completed ...
###########################

Hourly Cron started ...
########################
cron_wo_feedback_alerts.php exit status good
Tue Apr 17 00:03:01 2012 Hour Cron Completed ...
###########################

Hourly Cron started ...
########################
cron_wo_feedback_alerts.php exit status good
Tue Apr 17 01:03:01 2012 Hour Cron Completed ...
###########################

Hourly Cron started ...
########################
cron_wo_feedback_alerts.php exit status good
Tue Apr 17 02:03:01 2012 Hour Cron Completed ...
###########################

Hourly Cron started ...
########################
cron_wo_feedback_alerts.php exit status good
Tue Apr 17 03:03:01 2012 Hour Cron Completed ...
###########################

Hourly Cron started ...
########################
cron_wo_feedback_alerts.php exit status good
Tue Apr 17 04:03:01 2012 Hour Cron Completed ...
###########################

Hourly Cron started ...
########################
cron_wo_feedback_alerts.php exit status good
Tue Apr 17 05:03:01 2012 Hour Cron Completed ...
###########################

Hourly Cron started ...
########################
cron_wo_feedback_alerts.php exit status good
Tue Apr 17 06:03:01 2012 Hour Cron Completed ...
###########################

Hourly Cron started ...
########################
cron_wo_feedback_alerts.php exit status good
Tue Apr 17 07:03:01 2012 Hour Cron Completed ...
###########################

Hourly Cron started ...
########################
cron_wo_feedback_alerts.php exit status good
Tue Apr 17 08:03:01 2012 Hour Cron Completed ...
###########################

Hourly Cron started ...
########################
cron_wo_feedback_alerts.php exit status good
Tue Apr 17 09:03:01 2012 Hour Cron Completed ...
###########################

Hourly Cron started ...
########################
cron_wo_feedback_alerts.php exit status good
Tue Apr 17 10:03:01 2012 Hour Cron Completed ...
###########################

Hourly Cron started ...
########################
cron_wo_feedback_alerts.php exit status good
Tue Apr 17 11:03:01 2012 Hour Cron Completed ...
###########################

Hourly Cron started ...
########################
cron_wo_feedback_alerts.php exit status good
Tue Apr 17 12:03:01 2012 Hour Cron Completed ...
###########################

Hourly Cron started ...
########################
cron_wo_feedback_alerts.php exit status good
Tue Apr 17 13:03:01 2012 Hour Cron Completed ...
###########################

Hourly Cron started ...
########################
cron_wo_feedback_alerts.php exit status good
Tue Apr 17 14:03:01 2012 Hour Cron Completed ...
###########################

