Thu 25 Aug 2011 01:45:47 PM UTC Daily Cron started ...
########################
cron.updatewo.php exit status good
Thu 25 Aug 2011 01:45:47 PM UTC Daily Cron Completed ...
###########################

Wed Aug 31 01:00:01 2011 Daily Cron started ...
########################
cron.updatewo.php exit status good
Wed Aug 31 01:00:01 2011 Daily Cron Completed ...
###########################

Thu Sep 1 01:00:01 2011 Daily Cron started ...
########################
cron.updatewo.php exit status good
Thu Sep 1 01:00:02 2011 Daily Cron Completed ...
###########################

Fri Sep 2 01:00:01 2011 Daily Cron started ...
########################
cron.updatewo.php exit status good
Fri Sep 2 01:00:01 2011 Daily Cron Completed ...
###########################

Sat Sep 3 01:00:01 2011 Daily Cron started ...
########################
cron.updatewo.php exit status good
Sat Sep 3 01:00:02 2011 Daily Cron Completed ...
###########################

Sun Sep 4 01:00:01 2011 Daily Cron started ...
########################
cron.updatewo.php exit status good
Sun Sep 4 01:00:02 2011 Daily Cron Completed ...
###########################

Mon Sep 5 01:00:01 2011 Daily Cron started ...
########################
cron.updatewo.php exit status good
Mon Sep 5 01:00:02 2011 Daily Cron Completed ...
###########################

Tue Sep 6 01:00:01 2011 Daily Cron started ...
########################
cron.updatewo.php exit status good
Tue Sep 6 01:00:02 2011 Daily Cron Completed ...
###########################

Wed Sep 7 01:00:01 2011 Daily Cron started ...
########################
cron.updatewo.php exit status good
Wed Sep 7 01:00:01 2011 Daily Cron Completed ...
###########################

Thu Sep 8 01:00:01 2011 Daily Cron started ...
########################
cron.updatewo.php exit status good
Thu Sep 8 01:00:01 2011 Daily Cron Completed ...
###########################

Fri Sep 9 01:00:01 2011 Daily Cron started ...
########################
Fri Sep 9 01:00:02 2011 Daily Cron Completed ...
###########################

Sat Sep 10 01:00:01 2011 Daily Cron started ...
########################
Sat Sep 10 01:00:01 2011 Daily Cron Completed ...
###########################

Sun Sep 11 01:00:01 2011 Daily Cron started ...
########################
cron.updatewo.php exit status good
Sun Sep 11 01:00:01 2011 Daily Cron Completed ...
###########################

Mon Sep 12 01:00:01 2011 Daily Cron started ...
########################
cron.updatewo.php exit status good
Mon Sep 12 01:00:02 2011 Daily Cron Completed ...
###########################

Tue 13 Sep 2011 08:52:03 AM UTC Daily Cron started ...
########################
cron.updatewo.php exit status good
Tue 13 Sep 2011 08:52:03 AM UTC Daily Cron Completed ...
###########################

Tue 13 Sep 2011 08:52:10 AM UTC Daily Cron started ...
########################
cron.updatewo.php exit status good
Tue 13 Sep 2011 08:52:10 AM UTC Daily Cron Completed ...
###########################

Wed Sep 14 01:00:01 2011 Daily Cron started ...
########################
cron.updatewo.php exit status good
Wed Sep 14 01:00:01 2011 Daily Cron Completed ...
###########################

Thu Sep 15 01:00:01 2011 Daily Cron started ...
########################
cron.updatewo.php exit status good
Thu Sep 15 01:00:01 2011 Daily Cron Completed ...
###########################

Fri Sep 16 01:00:01 2011 Daily Cron started ...
########################
cron.updatewo.php exit status good
Fri Sep 16 01:00:09 2011 Daily Cron Completed ...
###########################

Sat Sep 17 01:00:02 2011 Daily Cron started ...
########################
cron.updatewo.php exit status good
Sat Sep 17 01:00:09 2011 Daily Cron Completed ...
###########################

Sun Sep 18 01:00:01 2011 Daily Cron started ...
########################
cron.updatewo.php exit status good
Sun Sep 18 01:00:02 2011 Daily Cron Completed ...
###########################

Mon Sep 19 01:00:01 2011 Daily Cron started ...
########################
cron.updatewo.php exit status good
Mon Sep 19 01:00:02 2011 Daily Cron Completed ...
###########################

Tue Sep 20 01:00:01 2011 Daily Cron started ...
########################
cron.updatewo.php exit status good
Tue Sep 20 01:00:01 2011 Daily Cron Completed ...
###########################

Wed Sep 21 01:00:01 2011 Daily Cron started ...
########################
cron.updatewo.php exit status good
Wed Sep 21 01:00:01 2011 Daily Cron Completed ...
###########################

Thu Sep 22 01:00:01 2011 Daily Cron started ...
########################
cron.updatewo.php exit status good
Thu Sep 22 01:00:09 2011 Daily Cron Completed ...
###########################

Fri Sep 23 01:00:01 2011 Daily Cron started ...
########################
cron.updatewo.php exit status good
Fri Sep 23 01:00:09 2011 Daily Cron Completed ...
###########################

Sat Sep 24 01:00:01 2011 Daily Cron started ...
########################
cron.updatewo.php exit status good
Sat Sep 24 01:00:09 2011 Daily Cron Completed ...
###########################

Sun Sep 25 01:00:01 2011 Daily Cron started ...
########################
cron.updatewo.php exit status good
Sun Sep 25 01:00:08 2011 Daily Cron Completed ...
###########################

Mon Sep 26 01:00:01 2011 Daily Cron started ...
########################
cron.updatewo.php exit status good
Mon Sep 26 01:00:09 2011 Daily Cron Completed ...
###########################

Tue Sep 27 01:00:01 2011 Daily Cron started ...
########################
cron.updatewo.php exit status good
Tue Sep 27 01:00:07 2011 Daily Cron Completed ...
###########################

Wed Sep 28 01:00:01 2011 Daily Cron started ...
########################
cron.updatewo.php exit status good
Wed Sep 28 01:00:09 2011 Daily Cron Completed ...
###########################

Thu Sep 29 01:00:01 2011 Daily Cron started ...
########################
cron.updatewo.php exit status good
Thu Sep 29 01:00:09 2011 Daily Cron Completed ...
###########################

Fri Sep 30 01:00:01 2011 Daily Cron started ...
########################
cron.updatewo.php exit status good
Fri Sep 30 01:00:01 2011 Daily Cron Completed ...
###########################

Sat Oct 1 01:00:01 2011 Daily Cron started ...
########################
cron.updatewo.php exit status good
Sat Oct 1 01:00:02 2011 Daily Cron Completed ...
###########################

Sun Oct 2 01:00:01 2011 Daily Cron started ...
########################
cron.updatewo.php exit status good
Sun Oct 2 01:00:09 2011 Daily Cron Completed ...
###########################

Mon Oct 3 01:00:01 2011 Daily Cron started ...
########################
cron.updatewo.php exit status good
Mon Oct 3 01:00:09 2011 Daily Cron Completed ...
###########################

Tue Oct 4 01:00:01 2011 Daily Cron started ...
########################
cron.updatewo.php exit status good
Tue Oct 4 01:00:08 2011 Daily Cron Completed ...
###########################

Wed Oct 5 01:00:01 2011 Daily Cron started ...
########################
cron.updatewo.php exit status good
Wed Oct 5 01:00:09 2011 Daily Cron Completed ...
###########################

Thu Oct 6 01:00:01 2011 Daily Cron started ...
########################
cron.updatewo.php exit status good
Thu Oct 6 01:00:01 2011 Daily Cron Completed ...
###########################

Fri Oct 7 01:00:01 2011 Daily Cron started ...
########################
cron.updatewo.php exit status good
Fri Oct 7 01:00:01 2011 Daily Cron Completed ...
###########################

Sat Oct 8 01:00:01 2011 Daily Cron started ...
########################
cron.updatewo.php exit status good
Sat Oct 8 01:00:08 2011 Daily Cron Completed ...
###########################

Sun Oct 9 01:00:01 2011 Daily Cron started ...
########################
cron.updatewo.php exit status good
Sun Oct 9 01:00:09 2011 Daily Cron Completed ...
###########################

Mon Oct 10 01:00:01 2011 Daily Cron started ...
########################
cron.updatewo.php exit status good
Mon Oct 10 01:00:10 2011 Daily Cron Completed ...
###########################

Tue Oct 11 01:00:01 2011 Daily Cron started ...
########################
cron.updatewo.php exit status good
Tue Oct 11 01:00:08 2011 Daily Cron Completed ...
###########################

Wed Oct 12 01:00:01 2011 Daily Cron started ...
########################
cron.updatewo.php exit status good
Wed Oct 12 01:00:08 2011 Daily Cron Completed ...
###########################

Thu Oct 13 01:00:01 2011 Daily Cron started ...
########################
cron.updatewo.php exit status good
Thu Oct 13 01:00:09 2011 Daily Cron Completed ...
###########################

Fri Oct 14 01:00:01 2011 Daily Cron started ...
########################
cron.updatewo.php exit status good
Fri Oct 14 01:00:09 2011 Daily Cron Completed ...
###########################

Sat Oct 15 01:00:01 2011 Daily Cron started ...
########################
cron.updatewo.php exit status good
Sat Oct 15 01:00:08 2011 Daily Cron Completed ...
###########################

Sun Oct 16 01:00:01 2011 Daily Cron started ...
########################
cron.updatewo.php exit status good
Sun Oct 16 01:00:09 2011 Daily Cron Completed ...
###########################

Mon Oct 17 01:00:01 2011 Daily Cron started ...
########################
cron.updatewo.php exit status good
Mon Oct 17 01:00:09 2011 Daily Cron Completed ...
###########################

Tue Oct 18 01:00:01 2011 Daily Cron started ...
########################
cron.updatewo.php exit status good
Tue Oct 18 01:00:09 2011 Daily Cron Completed ...
###########################

Wed Oct 19 01:00:01 2011 Daily Cron started ...
########################
cron.updatewo.php exit status good
Wed Oct 19 01:00:01 2011 Daily Cron Completed ...
###########################

Thu Oct 20 01:00:01 2011 Daily Cron started ...
########################
cron.updatewo.php exit status good
Thu Oct 20 01:00:09 2011 Daily Cron Completed ...
###########################

Fri Oct 21 01:00:01 2011 Daily Cron started ...
########################
cron.updatewo.php exit status good
Fri Oct 21 01:00:01 2011 Daily Cron Completed ...
###########################

Sat Oct 22 01:00:01 2011 Daily Cron started ...
########################
cron.updatewo.php exit status good
Sat Oct 22 01:00:01 2011 Daily Cron Completed ...
###########################

Sun Oct 23 01:00:01 2011 Daily Cron started ...
########################
cron.updatewo.php exit status good
Sun Oct 23 01:00:01 2011 Daily Cron Completed ...
###########################

Mon Oct 24 01:00:01 2011 Daily Cron started ...
########################
cron.updatewo.php exit status good
Mon Oct 24 01:00:10 2011 Daily Cron Completed ...
###########################

Tue Oct 25 01:00:01 2011 Daily Cron started ...
########################
cron.updatewo.php exit status good
Tue Oct 25 01:00:01 2011 Daily Cron Completed ...
###########################

Wed Oct 26 01:00:01 2011 Daily Cron started ...
########################
cron.updatewo.php exit status good
Wed Oct 26 01:00:09 2011 Daily Cron Completed ...
###########################

Thu Oct 27 01:00:01 2011 Daily Cron started ...
########################
cron.updatewo.php exit status good
Thu Oct 27 01:00:09 2011 Daily Cron Completed ...
###########################

Fri Oct 28 01:00:02 2011 Daily Cron started ...
########################
cron.updatewo.php exit status good
Fri Oct 28 01:00:08 2011 Daily Cron Completed ...
###########################

Sat Oct 29 01:00:01 2011 Daily Cron started ...
########################
cron.updatewo.php exit status good
Sat Oct 29 01:00:01 2011 Daily Cron Completed ...
###########################

Sun Oct 30 01:00:01 2011 Daily Cron started ...
########################
cron.updatewo.php exit status good
Sun Oct 30 01:00:09 2011 Daily Cron Completed ...
###########################

Mon Oct 31 01:00:01 2011 Daily Cron started ...
########################
cron.updatewo.php exit status good
Mon Oct 31 01:00:09 2011 Daily Cron Completed ...
###########################

Tue Nov 1 01:00:01 2011 Daily Cron started ...
########################
cron.updatewo.php exit status good
Tue Nov 1 01:00:01 2011 Daily Cron Completed ...
###########################

Wed Nov 2 01:00:01 2011 Daily Cron started ...
########################
cron.updatewo.php exit status good
Wed Nov 2 01:00:09 2011 Daily Cron Completed ...
###########################

Thu Nov 3 01:00:01 2011 Daily Cron started ...
########################
cron.updatewo.php exit status good
Thu Nov 3 01:00:01 2011 Daily Cron Completed ...
###########################

Fri Nov 4 01:00:01 2011 Daily Cron started ...
########################
cron.updatewo.php exit status good
Fri Nov 4 01:00:01 2011 Daily Cron Completed ...
###########################

Sat Nov 5 01:00:01 2011 Daily Cron started ...
########################
cron.updatewo.php exit status good
Sat Nov 5 01:00:09 2011 Daily Cron Completed ...
###########################

Sun Nov 6 01:00:01 2011 Daily Cron started ...
########################
cron.updatewo.php exit status good
Sun Nov 6 01:00:10 2011 Daily Cron Completed ...
###########################

Mon Nov 7 01:00:01 2011 Daily Cron started ...
########################
cron.updatewo.php exit status good
Mon Nov 7 01:00:10 2011 Daily Cron Completed ...
###########################

Tue Nov 8 01:00:01 2011 Daily Cron started ...
########################
cron.updatewo.php exit status good
Tue Nov 8 01:00:01 2011 Daily Cron Completed ...
###########################

Wed Nov 9 01:00:01 2011 Daily Cron started ...
########################
cron.updatewo.php exit status good
Wed Nov 9 01:00:01 2011 Daily Cron Completed ...
###########################

Thu Nov 10 01:00:01 2011 Daily Cron started ...
########################
cron.updatewo.php exit status good
Thu Nov 10 01:00:09 2011 Daily Cron Completed ...
###########################

Fri Nov 11 01:00:01 2011 Daily Cron started ...
########################
cron.updatewo.php exit status good
Fri Nov 11 01:00:01 2011 Daily Cron Completed ...
###########################

Sat Nov 12 01:00:01 2011 Daily Cron started ...
########################
cron.updatewo.php exit status good
Sat Nov 12 01:00:01 2011 Daily Cron Completed ...
###########################

Sun Nov 13 01:00:01 2011 Daily Cron started ...
########################
cron.updatewo.php exit status good
Sun Nov 13 01:00:01 2011 Daily Cron Completed ...
###########################

Mon Nov 14 01:00:01 2011 Daily Cron started ...
########################
cron.updatewo.php exit status good
Mon Nov 14 01:00:10 2011 Daily Cron Completed ...
###########################

Tue Nov 15 01:00:01 2011 Daily Cron started ...
########################
cron.updatewo.php exit status good
Tue Nov 15 01:00:01 2011 Daily Cron Completed ...
###########################

Wed Nov 16 01:00:01 2011 Daily Cron started ...
########################
cron.updatewo.php exit status good
Wed Nov 16 01:00:09 2011 Daily Cron Completed ...
###########################

Thu Nov 17 01:00:01 2011 Daily Cron started ...
########################
cron.updatewo.php exit status good
Thu Nov 17 01:00:09 2011 Daily Cron Completed ...
###########################

Fri Nov 18 01:00:01 2011 Daily Cron started ...
########################
cron.updatewo.php exit status good
Fri Nov 18 01:00:09 2011 Daily Cron Completed ...
###########################

Sat Nov 19 01:00:01 2011 Daily Cron started ...
########################
cron.updatewo.php exit status good
Sat Nov 19 01:00:10 2011 Daily Cron Completed ...
###########################

Sun Nov 20 01:00:01 2011 Daily Cron started ...
########################
cron.updatewo.php exit status good
Sun Nov 20 01:00:09 2011 Daily Cron Completed ...
###########################

Mon Nov 21 01:00:01 2011 Daily Cron started ...
########################
cron.updatewo.php exit status good
Mon Nov 21 01:00:08 2011 Daily Cron Completed ...
###########################

Tue Nov 22 01:00:01 2011 Daily Cron started ...
########################
cron.updatewo.php exit status good
Tue Nov 22 01:00:09 2011 Daily Cron Completed ...
###########################

Wed Nov 23 01:00:01 2011 Daily Cron started ...
########################
cron.updatewo.php exit status good
Wed Nov 23 01:00:01 2011 Daily Cron Completed ...
###########################

Thu Nov 24 01:00:01 2011 Daily Cron started ...
########################
cron.updatewo.php exit status good
Thu Nov 24 01:00:10 2011 Daily Cron Completed ...
###########################

Fri Nov 25 01:00:01 2011 Daily Cron started ...
########################
cron.updatewo.php exit status good
Fri Nov 25 01:00:01 2011 Daily Cron Completed ...
###########################

Sat Nov 26 01:00:01 2011 Daily Cron started ...
########################
cron.updatewo.php exit status good
Sat Nov 26 01:00:09 2011 Daily Cron Completed ...
###########################

Sun Nov 27 01:00:01 2011 Daily Cron started ...
########################
cron.updatewo.php exit status good
Sun Nov 27 01:00:10 2011 Daily Cron Completed ...
###########################

Mon Nov 28 01:00:01 2011 Daily Cron started ...
########################
cron.updatewo.php exit status good
Mon Nov 28 01:00:10 2011 Daily Cron Completed ...
###########################

Tue Nov 29 01:00:01 2011 Daily Cron started ...
########################
cron.updatewo.php exit status good
Tue Nov 29 01:00:01 2011 Daily Cron Completed ...
###########################

Wed Nov 30 01:00:01 2011 Daily Cron started ...
########################
cron.updatewo.php exit status good
Wed Nov 30 01:00:01 2011 Daily Cron Completed ...
###########################

Thu Dec 1 01:00:01 2011 Daily Cron started ...
########################
cron.updatewo.php exit status good
Thu Dec 1 01:00:10 2011 Daily Cron Completed ...
###########################

Fri Dec 2 01:00:01 2011 Daily Cron started ...
########################
cron.updatewo.php exit status good
Fri Dec 2 01:00:01 2011 Daily Cron Completed ...
###########################

Sat Dec 3 01:00:01 2011 Daily Cron started ...
########################
cron.updatewo.php exit status good
Sat Dec 3 01:00:01 2011 Daily Cron Completed ...
###########################

Sun Dec 4 01:00:01 2011 Daily Cron started ...
########################
cron.updatewo.php exit status good
Sun Dec 4 01:00:10 2011 Daily Cron Completed ...
###########################

Mon Dec 5 01:00:01 2011 Daily Cron started ...
########################
cron.updatewo.php exit status good
Mon Dec 5 01:00:09 2011 Daily Cron Completed ...
###########################

Tue Dec 6 01:00:01 2011 Daily Cron started ...
########################
cron.updatewo.php exit status good
Tue Dec 6 01:00:01 2011 Daily Cron Completed ...
###########################

Wed Dec 7 01:00:01 2011 Daily Cron started ...
########################
cron.updatewo.php exit status good
Wed Dec 7 01:00:09 2011 Daily Cron Completed ...
###########################

Thu Dec 8 01:00:01 2011 Daily Cron started ...
########################
cron.updatewo.php exit status good
Thu Dec 8 01:00:10 2011 Daily Cron Completed ...
###########################

Fri Dec 9 01:00:01 2011 Daily Cron started ...
########################
cron.updatewo.php exit status good
Fri Dec 9 01:00:10 2011 Daily Cron Completed ...
###########################

Sat Dec 10 01:00:01 2011 Daily Cron started ...
########################
cron.updatewo.php exit status good
Sat Dec 10 01:00:10 2011 Daily Cron Completed ...
###########################

Sun Dec 11 01:00:01 2011 Daily Cron started ...
########################
cron.updatewo.php exit status good
Sun Dec 11 01:00:02 2011 Daily Cron Completed ...
###########################

Mon Dec 12 01:00:01 2011 Daily Cron started ...
########################
cron.updatewo.php exit status good
Mon Dec 12 01:00:01 2011 Daily Cron Completed ...
###########################

Tue Dec 13 01:00:01 2011 Daily Cron started ...
########################
cron.updatewo.php exit status good
Tue Dec 13 01:00:02 2011 Daily Cron Completed ...
###########################

Wed Dec 14 01:00:01 2011 Daily Cron started ...
########################
cron.updatewo.php exit status good
Wed Dec 14 01:00:01 2011 Daily Cron Completed ...
###########################

Thu Dec 15 01:00:01 2011 Daily Cron started ...
########################
cron.updatewo.php exit status good
Thu Dec 15 01:00:09 2011 Daily Cron Completed ...
###########################

Fri Dec 16 01:00:01 2011 Daily Cron started ...
########################
cron.updatewo.php exit status good
Fri Dec 16 01:00:09 2011 Daily Cron Completed ...
###########################

Sat Dec 17 01:00:01 2011 Daily Cron started ...
########################
cron.updatewo.php exit status good
Sat Dec 17 01:00:09 2011 Daily Cron Completed ...
###########################

Sun Dec 18 01:00:01 2011 Daily Cron started ...
########################
cron.updatewo.php exit status good
Sun Dec 18 01:00:10 2011 Daily Cron Completed ...
###########################

Mon Dec 19 01:00:01 2011 Daily Cron started ...
########################
cron.updatewo.php exit status good
Mon Dec 19 01:00:09 2011 Daily Cron Completed ...
###########################

Tue Dec 20 01:00:01 2011 Daily Cron started ...
########################
cron.updatewo.php exit status good
Tue Dec 20 01:00:09 2011 Daily Cron Completed ...
###########################

Wed Dec 21 01:00:01 2011 Daily Cron started ...
########################
cron.updatewo.php exit status good
Wed Dec 21 01:00:02 2011 Daily Cron Completed ...
###########################

Thu Dec 22 01:00:01 2011 Daily Cron started ...
########################
cron.updatewo.php exit status good
Thu Dec 22 01:00:10 2011 Daily Cron Completed ...
###########################

Fri Dec 23 01:00:01 2011 Daily Cron started ...
########################
cron.updatewo.php exit status good
Fri Dec 23 01:00:09 2011 Daily Cron Completed ...
###########################

Sat Dec 24 01:00:01 2011 Daily Cron started ...
########################
cron.updatewo.php exit status good
Sat Dec 24 01:00:10 2011 Daily Cron Completed ...
###########################

Sun Dec 25 01:00:01 2011 Daily Cron started ...
########################
cron.updatewo.php exit status good
Sun Dec 25 01:00:10 2011 Daily Cron Completed ...
###########################

Mon Dec 26 01:00:01 2011 Daily Cron started ...
########################
cron.updatewo.php exit status good
Mon Dec 26 01:00:01 2011 Daily Cron Completed ...
###########################

Tue Dec 27 01:00:01 2011 Daily Cron started ...
########################
cron.updatewo.php exit status good
Tue Dec 27 01:00:01 2011 Daily Cron Completed ...
###########################

Wed Dec 28 01:00:01 2011 Daily Cron started ...
########################
cron.updatewo.php exit status good
Wed Dec 28 01:00:01 2011 Daily Cron Completed ...
###########################

Thu Dec 29 01:00:01 2011 Daily Cron started ...
########################
cron.updatewo.php exit status good
Thu Dec 29 01:00:01 2011 Daily Cron Completed ...
###########################

Fri Dec 30 01:00:01 2011 Daily Cron started ...
########################
cron.updatewo.php exit status good
Fri Dec 30 01:00:09 2011 Daily Cron Completed ...
###########################

Sat Dec 31 01:00:01 2011 Daily Cron started ...
########################
cron.updatewo.php exit status good
Sat Dec 31 01:00:01 2011 Daily Cron Completed ...
###########################

Sun Jan 1 01:00:01 2012 Daily Cron started ...
########################
cron.updatewo.php exit status good
Sun Jan 1 01:00:10 2012 Daily Cron Completed ...
###########################

Mon Jan 2 01:00:01 2012 Daily Cron started ...
########################
cron.updatewo.php exit status good
Mon Jan 2 01:00:09 2012 Daily Cron Completed ...
###########################

Tue Jan 3 01:00:01 2012 Daily Cron started ...
########################
cron.updatewo.php exit status good
Tue Jan 3 01:00:09 2012 Daily Cron Completed ...
###########################

Wed Jan 4 01:00:01 2012 Daily Cron started ...
########################
cron.updatewo.php exit status good
Wed Jan 4 01:00:01 2012 Daily Cron Completed ...
###########################

Thu Jan 5 01:00:01 2012 Daily Cron started ...
########################
cron.updatewo.php exit status good
Thu Jan 5 01:00:01 2012 Daily Cron Completed ...
###########################

Fri Jan 6 01:00:01 2012 Daily Cron started ...
########################
cron.updatewo.php exit status good
Fri Jan 6 01:00:09 2012 Daily Cron Completed ...
###########################

Fri 06 Jan 2012 07:04:43 AM EST Daily Cron started ...
########################
cron.updatewo.php exit status good
Fri 06 Jan 2012 07:04:43 AM EST Daily Cron Completed ...
###########################

Fri 06 Jan 2012 07:04:45 AM EST Daily Cron started ...
########################
cron.updatewo.php exit status good
Fri 06 Jan 2012 07:04:45 AM EST Daily Cron Completed ...
###########################

Fri 06 Jan 2012 07:05:05 AM EST Daily Cron started ...
########################
cron.updatewo.php exit status good
Fri 06 Jan 2012 07:05:05 AM EST Daily Cron Completed ...
###########################

Fri 06 Jan 2012 07:07:13 AM EST Daily Cron started ...
########################
cron.updatewo.php exit status good
Fri 06 Jan 2012 07:07:13 AM EST Daily Cron Completed ...
###########################

Fri 06 Jan 2012 07:10:21 AM EST Daily Cron started ...
########################
cron.updatewo.php exit status good
Fri 06 Jan 2012 07:10:21 AM EST Daily Cron Completed ...
###########################

Sat Jan 7 01:00:01 2012 Daily Cron started ...
########################
cron.updatewo.php exit status good
Sat Jan 7 01:00:01 2012 Daily Cron Completed ...
###########################

Sun Jan 8 01:00:01 2012 Daily Cron started ...
########################
cron.updatewo.php exit status good
Sun Jan 8 01:00:09 2012 Daily Cron Completed ...
###########################

Mon Jan 9 01:00:01 2012 Daily Cron started ...
########################
cron.updatewo.php exit status good
Mon Jan 9 01:00:01 2012 Daily Cron Completed ...
###########################

Tue Jan 10 01:00:01 2012 Daily Cron started ...
########################
cron.updatewo.php exit status good
Tue Jan 10 01:00:01 2012 Daily Cron Completed ...
###########################

Wed Jan 11 01:00:01 2012 Daily Cron started ...
########################
cron.updatewo.php exit status good
Wed Jan 11 01:00:01 2012 Daily Cron Completed ...
###########################

Thu Jan 12 01:00:01 2012 Daily Cron started ...
########################
cron.updatewo.php exit status good
Thu Jan 12 01:00:01 2012 Daily Cron Completed ...
###########################

Fri Jan 13 01:00:01 2012 Daily Cron started ...
########################
cron.updatewo.php exit status good
Fri Jan 13 01:00:10 2012 Daily Cron Completed ...
###########################

Sat Jan 14 01:00:01 2012 Daily Cron started ...
########################
cron.updatewo.php exit status good
Sat Jan 14 01:00:10 2012 Daily Cron Completed ...
###########################

Sun Jan 15 01:00:01 2012 Daily Cron started ...
########################
cron.updatewo.php exit status good
Sun Jan 15 01:00:01 2012 Daily Cron Completed ...
###########################

Mon Jan 16 01:00:01 2012 Daily Cron started ...
########################
cron.updatewo.php exit status good
Mon Jan 16 01:00:10 2012 Daily Cron Completed ...
###########################

Tue Jan 17 01:00:01 2012 Daily Cron started ...
########################
cron.updatewo.php exit status good
Tue Jan 17 01:00:09 2012 Daily Cron Completed ...
###########################

Wed Jan 18 01:00:01 2012 Daily Cron started ...
########################
cron.updatewo.php exit status good
Wed Jan 18 01:00:10 2012 Daily Cron Completed ...
###########################

Thu Jan 19 01:00:01 2012 Daily Cron started ...
########################
cron.updatewo.php exit status good
Thu Jan 19 01:00:01 2012 Daily Cron Completed ...
###########################

Fri Jan 20 01:00:01 2012 Daily Cron started ...
########################
cron.updatewo.php exit status good
Fri Jan 20 01:00:12 2012 Daily Cron Completed ...
###########################

Sat Jan 21 01:00:01 2012 Daily Cron started ...
########################
cron.updatewo.php exit status good
Sat Jan 21 01:00:12 2012 Daily Cron Completed ...
###########################

Sun Jan 22 01:00:01 2012 Daily Cron started ...
########################
cron.updatewo.php exit status good
Sun Jan 22 01:00:02 2012 Daily Cron Completed ...
###########################

Mon Jan 23 01:00:01 2012 Daily Cron started ...
########################
cron.updatewo.php exit status good
Mon Jan 23 01:00:12 2012 Daily Cron Completed ...
###########################

Tue Jan 24 01:00:01 2012 Daily Cron started ...
########################
cron.updatewo.php exit status good
Tue Jan 24 01:00:01 2012 Daily Cron Completed ...
###########################

Wed Jan 25 01:00:01 2012 Daily Cron started ...
########################
cron.updatewo.php exit status good
Wed Jan 25 01:00:12 2012 Daily Cron Completed ...
###########################

Thu Jan 26 01:00:01 2012 Daily Cron started ...
########################
cron.updatewo.php exit status good
Thu Jan 26 01:00:01 2012 Daily Cron Completed ...
###########################

Fri Jan 27 01:00:01 2012 Daily Cron started ...
########################
cron.updatewo.php exit status good
Fri Jan 27 01:00:13 2012 Daily Cron Completed ...
###########################

Sat Jan 28 01:00:01 2012 Daily Cron started ...
########################
cron.updatewo.php exit status good
Sat Jan 28 01:00:12 2012 Daily Cron Completed ...
###########################

Sun Jan 29 01:00:01 2012 Daily Cron started ...
########################
cron.updatewo.php exit status good
Sun Jan 29 01:00:01 2012 Daily Cron Completed ...
###########################

Mon Jan 30 01:00:01 2012 Daily Cron started ...
########################
cron.updatewo.php exit status good
Mon Jan 30 01:00:13 2012 Daily Cron Completed ...
###########################

Tue Jan 31 01:00:01 2012 Daily Cron started ...
########################
cron.updatewo.php exit status good
Tue Jan 31 01:00:01 2012 Daily Cron Completed ...
###########################

Wed Feb 1 01:00:01 2012 Daily Cron started ...
########################
cron.updatewo.php exit status good
Wed Feb 1 01:00:01 2012 Daily Cron Completed ...
###########################

Thu Feb 2 01:00:01 2012 Daily Cron started ...
########################
cron.updatewo.php exit status good
Thu Feb 2 01:00:12 2012 Daily Cron Completed ...
###########################

Fri Feb 3 01:00:01 2012 Daily Cron started ...
########################
cron.updatewo.php exit status good
Fri Feb 3 01:00:12 2012 Daily Cron Completed ...
###########################

Sat Feb 4 01:00:01 2012 Daily Cron started ...
########################
cron.updatewo.php exit status good
Sat Feb 4 01:00:12 2012 Daily Cron Completed ...
###########################

Sun Feb 5 01:00:01 2012 Daily Cron started ...
########################
cron.updatewo.php exit status good
Sun Feb 5 01:00:12 2012 Daily Cron Completed ...
###########################

Mon Feb 6 01:00:01 2012 Daily Cron started ...
########################
cron.updatewo.php exit status good
Mon Feb 6 01:00:12 2012 Daily Cron Completed ...
###########################

Tue Feb 7 01:00:02 2012 Daily Cron started ...
########################
cron.updatewo.php exit status good
Tue Feb 7 01:00:11 2012 Daily Cron Completed ...
###########################

Wed Feb 8 01:00:01 2012 Daily Cron started ...
########################
cron.updatewo.php exit status good
Wed Feb 8 01:00:12 2012 Daily Cron Completed ...
###########################

Thu Feb 9 01:00:01 2012 Daily Cron started ...
########################
cron.updatewo.php exit status good
Thu Feb 9 01:00:12 2012 Daily Cron Completed ...
###########################

Fri Feb 10 01:00:01 2012 Daily Cron started ...
########################
cron.updatewo.php exit status good
Fri Feb 10 01:00:01 2012 Daily Cron Completed ...
###########################

Sat Feb 11 01:00:01 2012 Daily Cron started ...
########################
cron.updatewo.php exit status good
Sat Feb 11 01:00:12 2012 Daily Cron Completed ...
###########################

Sun Feb 12 01:00:01 2012 Daily Cron started ...
########################
cron.updatewo.php exit status good
Sun Feb 12 01:00:12 2012 Daily Cron Completed ...
###########################

Mon Feb 13 01:00:01 2012 Daily Cron started ...
########################
cron.updatewo.php exit status good
Mon Feb 13 01:00:13 2012 Daily Cron Completed ...
###########################

Tue Feb 14 01:00:01 2012 Daily Cron started ...
########################
cron.updatewo.php exit status good
Tue Feb 14 01:00:11 2012 Daily Cron Completed ...
###########################

Wed Feb 15 01:00:02 2012 Daily Cron started ...
########################
cron.updatewo.php exit status good
Wed Feb 15 01:00:10 2012 Daily Cron Completed ...
###########################

Thu Feb 16 01:00:01 2012 Daily Cron started ...
########################
cron.updatewo.php exit status good
Thu Feb 16 01:00:01 2012 Daily Cron Completed ...
###########################

Fri Feb 17 01:00:01 2012 Daily Cron started ...
########################
cron.updatewo.php exit status good
Fri Feb 17 01:00:02 2012 Daily Cron Completed ...
###########################

Sat Feb 18 01:00:01 2012 Daily Cron started ...
########################
cron.updatewo.php exit status good
Sat Feb 18 01:00:01 2012 Daily Cron Completed ...
###########################

Sun Feb 19 01:00:02 2012 Daily Cron started ...
########################
cron.updatewo.php exit status good
Sun Feb 19 01:00:12 2012 Daily Cron Completed ...
###########################

Mon Feb 20 01:00:01 2012 Daily Cron started ...
########################
cron.updatewo.php exit status good
Mon Feb 20 01:00:01 2012 Daily Cron Completed ...
###########################

Tue Feb 21 01:00:01 2012 Daily Cron started ...
########################
cron.updatewo.php exit status good
Tue Feb 21 01:00:12 2012 Daily Cron Completed ...
###########################

Wed Feb 22 01:00:01 2012 Daily Cron started ...
########################
cron.updatewo.php exit status good
Wed Feb 22 01:00:12 2012 Daily Cron Completed ...
###########################

Thu Feb 23 01:00:01 2012 Daily Cron started ...
########################
cron.updatewo.php exit status good
Thu Feb 23 01:00:12 2012 Daily Cron Completed ...
###########################

Fri Feb 24 01:00:01 2012 Daily Cron started ...
########################
cron.updatewo.php exit status good
Fri Feb 24 01:00:12 2012 Daily Cron Completed ...
###########################

Sat Feb 25 01:00:01 2012 Daily Cron started ...
########################
cron.updatewo.php exit status good
Sat Feb 25 01:00:01 2012 Daily Cron Completed ...
###########################

Sun Feb 26 01:00:01 2012 Daily Cron started ...
########################
cron.updatewo.php exit status good
Sun Feb 26 01:00:12 2012 Daily Cron Completed ...
###########################

Mon Feb 27 01:00:01 2012 Daily Cron started ...
########################
cron.updatewo.php exit status good
Mon Feb 27 01:00:13 2012 Daily Cron Completed ...
###########################

Tue Feb 28 01:00:01 2012 Daily Cron started ...
########################
cron.updatewo.php exit status good
Tue Feb 28 01:00:12 2012 Daily Cron Completed ...
###########################

Wed Feb 29 01:00:01 2012 Daily Cron started ...
########################
cron.updatewo.php exit status good
Wed Feb 29 01:00:01 2012 Daily Cron Completed ...
###########################

Thu Mar 1 01:00:01 2012 Daily Cron started ...
########################
cron.updatewo.php exit status good
Thu Mar 1 01:00:01 2012 Daily Cron Completed ...
###########################

Fri Mar 2 01:00:01 2012 Daily Cron started ...
########################
cron.updatewo.php exit status good
Fri Mar 2 01:00:02 2012 Daily Cron Completed ...
###########################

Sat Mar 3 01:00:01 2012 Daily Cron started ...
########################
cron.updatewo.php exit status good
Sat Mar 3 01:00:02 2012 Daily Cron Completed ...
###########################

Sun Mar 4 01:00:01 2012 Daily Cron started ...
########################
cron.updatewo.php exit status good
Sun Mar 4 01:00:02 2012 Daily Cron Completed ...
###########################

Mon Mar 5 01:00:01 2012 Daily Cron started ...
########################
cron.updatewo.php exit status good
Mon Mar 5 01:00:01 2012 Daily Cron Completed ...
###########################

Tue Mar 6 01:00:01 2012 Daily Cron started ...
########################
cron.updatewo.php exit status good
Tue Mar 6 01:00:01 2012 Daily Cron Completed ...
###########################

Wed Mar 7 01:00:01 2012 Daily Cron started ...
########################
cron.updatewo.php exit status good
Wed Mar 7 01:00:01 2012 Daily Cron Completed ...
###########################

Thu Mar 8 01:00:01 2012 Daily Cron started ...
########################
cron.updatewo.php exit status good
Thu Mar 8 01:00:02 2012 Daily Cron Completed ...
###########################

Fri Mar 9 01:00:01 2012 Daily Cron started ...
########################
cron.updatewo.php exit status good
Fri Mar 9 01:00:02 2012 Daily Cron Completed ...
###########################

Sat Mar 10 01:00:01 2012 Daily Cron started ...
########################
cron.updatewo.php exit status good
Sat Mar 10 01:00:01 2012 Daily Cron Completed ...
###########################

Sun Mar 11 01:00:01 2012 Daily Cron started ...
########################
cron.updatewo.php exit status good
Sun Mar 11 01:00:02 2012 Daily Cron Completed ...
###########################

Mon Mar 12 01:00:01 2012 Daily Cron started ...
########################
cron.updatewo.php exit status good
Mon Mar 12 01:00:02 2012 Daily Cron Completed ...
###########################

Tue Mar 13 01:00:01 2012 Daily Cron started ...
########################
cron.updatewo.php exit status good
Tue Mar 13 01:00:01 2012 Daily Cron Completed ...
###########################

Wed Mar 14 01:00:01 2012 Daily Cron started ...
########################
cron.updatewo.php exit status good
Wed Mar 14 01:00:02 2012 Daily Cron Completed ...
###########################

Thu Mar 15 01:00:01 2012 Daily Cron started ...
########################
cron.updatewo.php exit status good
Thu Mar 15 01:00:02 2012 Daily Cron Completed ...
###########################

Fri Mar 16 01:00:01 2012 Daily Cron started ...
########################
cron.updatewo.php exit status good
Fri Mar 16 01:00:01 2012 Daily Cron Completed ...
###########################

Sat Mar 17 01:00:01 2012 Daily Cron started ...
########################
cron.updatewo.php exit status good
Sat Mar 17 01:00:01 2012 Daily Cron Completed ...
###########################

Sun Mar 18 01:00:01 2012 Daily Cron started ...
########################
cron.updatewo.php exit status good
Sun Mar 18 01:00:01 2012 Daily Cron Completed ...
###########################

Mon Mar 19 01:00:01 2012 Daily Cron started ...
########################
cron.updatewo.php exit status good
Mon Mar 19 01:00:01 2012 Daily Cron Completed ...
###########################

Tue Mar 20 01:00:01 2012 Daily Cron started ...
########################
cron.updatewo.php exit status good
Tue Mar 20 01:00:01 2012 Daily Cron Completed ...
###########################

Wed Mar 21 01:00:01 2012 Daily Cron started ...
########################
cron.updatewo.php exit status good
Wed Mar 21 01:00:01 2012 Daily Cron Completed ...
###########################

Thu Mar 22 01:00:01 2012 Daily Cron started ...
########################
cron.updatewo.php exit status good
Thu Mar 22 01:00:02 2012 Daily Cron Completed ...
###########################

Fri Mar 23 01:00:01 2012 Daily Cron started ...
########################
cron.updatewo.php exit status good
Fri Mar 23 01:00:02 2012 Daily Cron Completed ...
###########################

Sat Mar 24 01:00:01 2012 Daily Cron started ...
########################
cron.updatewo.php exit status good
Sat Mar 24 01:00:02 2012 Daily Cron Completed ...
###########################

Sun Mar 25 01:00:01 2012 Daily Cron started ...
########################
cron.updatewo.php exit status good
Sun Mar 25 01:00:01 2012 Daily Cron Completed ...
###########################

Mon Mar 26 01:00:01 2012 Daily Cron started ...
########################
cron.updatewo.php exit status good
Mon Mar 26 01:00:02 2012 Daily Cron Completed ...
###########################

Tue Mar 27 01:00:01 2012 Daily Cron started ...
########################
cron.updatewo.php exit status good
Tue Mar 27 01:00:02 2012 Daily Cron Completed ...
###########################

Wed Mar 28 01:00:01 2012 Daily Cron started ...
########################
cron.updatewo.php exit status good
Wed Mar 28 01:00:01 2012 Daily Cron Completed ...
###########################

Thu Mar 29 01:00:01 2012 Daily Cron started ...
########################
cron.updatewo.php exit status good
Thu Mar 29 01:00:02 2012 Daily Cron Completed ...
###########################

Fri Mar 30 01:00:01 2012 Daily Cron started ...
########################
cron.updatewo.php exit status good
Fri Mar 30 01:00:02 2012 Daily Cron Completed ...
###########################

Sat Mar 31 01:00:01 2012 Daily Cron started ...
########################
cron.updatewo.php exit status good
Sat Mar 31 01:00:02 2012 Daily Cron Completed ...
###########################

Sun Apr 1 01:00:01 2012 Daily Cron started ...
########################
cron.updatewo.php exit status good
Sun Apr 1 01:00:02 2012 Daily Cron Completed ...
###########################

Mon Apr 2 01:00:01 2012 Daily Cron started ...
########################
cron.updatewo.php exit status good
Mon Apr 2 01:00:02 2012 Daily Cron Completed ...
###########################

Tue Apr 3 01:00:01 2012 Daily Cron started ...
########################
cron.updatewo.php exit status good
Tue Apr 3 01:00:01 2012 Daily Cron Completed ...
###########################

Wed Apr 4 01:00:01 2012 Daily Cron started ...
########################
cron.updatewo.php exit status good
Wed Apr 4 01:00:01 2012 Daily Cron Completed ...
###########################

Thu Apr 5 01:00:01 2012 Daily Cron started ...
########################
cron.updatewo.php exit status good
Thu Apr 5 01:00:01 2012 Daily Cron Completed ...
###########################

Fri Apr 6 01:00:01 2012 Daily Cron started ...
########################
cron.updatewo.php exit status good
Fri Apr 6 01:00:02 2012 Daily Cron Completed ...
###########################

Sat Apr 7 01:00:01 2012 Daily Cron started ...
########################
cron.updatewo.php exit status good
Sat Apr 7 01:00:01 2012 Daily Cron Completed ...
###########################

Sun Apr 8 01:00:01 2012 Daily Cron started ...
########################
cron.updatewo.php exit status good
Sun Apr 8 01:00:02 2012 Daily Cron Completed ...
###########################

Mon Apr 9 01:00:01 2012 Daily Cron started ...
########################
cron.updatewo.php exit status good
Mon Apr 9 01:00:01 2012 Daily Cron Completed ...
###########################

Tue Apr 10 01:00:01 2012 Daily Cron started ...
########################
cron.updatewo.php exit status good
Tue Apr 10 01:00:01 2012 Daily Cron Completed ...
###########################

Wed Apr 11 01:00:01 2012 Daily Cron started ...
########################
cron.updatewo.php exit status good
Wed Apr 11 01:00:02 2012 Daily Cron Completed ...
###########################

Thu Apr 12 01:00:01 2012 Daily Cron started ...
########################
cron.updatewo.php exit status good
Thu Apr 12 01:00:01 2012 Daily Cron Completed ...
###########################

Fri Apr 13 01:00:02 2012 Daily Cron started ...
########################
cron.updatewo.php exit status good
Fri Apr 13 01:00:02 2012 Daily Cron Completed ...
###########################

Sat Apr 14 01:00:01 2012 Daily Cron started ...
########################
cron.updatewo.php exit status good
Sat Apr 14 01:00:01 2012 Daily Cron Completed ...
###########################

Sun Apr 15 01:00:01 2012 Daily Cron started ...
########################
cron.updatewo.php exit status good
Sun Apr 15 01:00:02 2012 Daily Cron Completed ...
###########################

Mon Apr 16 01:00:01 2012 Daily Cron started ...
########################
cron.updatewo.php exit status good
Mon Apr 16 01:00:01 2012 Daily Cron Completed ...
###########################

Tue Apr 17 01:00:01 2012 Daily Cron started ...
########################
cron.updatewo.php exit status good
Tue Apr 17 01:00:02 2012 Daily Cron Completed ...
###########################

