
Delete User Basecamp: 9197011 User Info: 2439-charanthejreddy -Company Id 707029 -Company Name NBCU O&TS Cron: Delete users Date: 2012-03-30 : 07:04:03

Delete User Basecamp: 9196990 User Info: 2440-sureshmani -Company Id 707029 -Company Name NBCU O&TS Cron: Delete users Date: 2012-03-30 : 07:04:03

Delete User Basecamp: 9197003 User Info: 2441-gokulkannan -Company Id 707029 -Company Name NBCU O&TS Cron: Delete users Date: 2012-03-30 : 07:04:03

Delete User Basecamp: 9203498 User Info: 2443-Silviaegle -Company Id 707029 -Company Name NBCU O&TS Cron: Delete users Date: 2012-03-30 : 07:04:03

Delete User Basecamp: 9203511 User Info: 2444-femaria -Company Id 707029 -Company Name NBCU O&TS Cron: Delete users Date: 2012-03-30 : 07:04:03

Delete User Basecamp: 2546341 User Info: 195-roberto.padilla@nbcuni.com -Company Id 710113 -Company Name NBC.com Cron: Delete users Date: 2012-03-30 : 07:04:11

Delete User Basecamp: 8478323 User Info: 2264-KeeksMcGeeks -Company Id 710113 -Company Name NBC.com Cron: Delete users Date: 2012-03-30 : 07:04:11

Delete User Basecamp: 8478308 User Info: 2265-Lisa.Mijares -Company Id 710113 -Company Name NBC.com Cron: Delete users Date: 2012-03-30 : 07:04:11

Delete User Basecamp: 8478314 User Info: 2266-tshawnbcu -Company Id 710113 -Company Name NBC.com Cron: Delete users Date: 2012-03-30 : 07:04:11

Delete User Basecamp: 8553920 User Info: 2354-Kooshypir -Company Id 710113 -Company Name NBC.com Cron: Delete users Date: 2012-03-30 : 07:04:11

Delete User Basecamp: 8822222 User Info: 2355-mtsullivan -Company Id 710113 -Company Name NBC.com Cron: Delete users Date: 2012-03-30 : 07:04:11

Delete User Basecamp: 9097984 User Info: 2421-aiswarya.narayanan -Company Id 710113 -Company Name NBC.com Cron: Delete users Date: 2012-03-30 : 07:04:11

Delete User Basecamp: 9097993 User Info: 2422-varthujaya -Company Id 710113 -Company Name NBC.com Cron: Delete users Date: 2012-03-30 : 07:04:11

Delete User Basecamp: 3230078 User Info: 235-eneiges -Company Id 711162 -Company Name NBCU MediaWorks Cron: Delete users Date: 2012-03-30 : 07:04:12

Delete User Basecamp: 6192496 User Info: 1685-robbie_lindauer -Company Id 761177 -Company Name Focus Features Cron: Delete users Date: 2012-03-30 : 07:04:22

Delete User Basecamp: 7145939 User Info: 1874-Chris Massey -Company Id 798485 -Company Name Universal Pictures Cron: Delete users Date: 2012-03-30 : 07:04:27

Delete User Basecamp: 7748951 User Info: 2004-projectc -Company Id 798485 -Company Name Universal Pictures Cron: Delete users Date: 2012-03-30 : 07:04:27

Delete User Basecamp: 7748963 User Info: 2005-jmatthewj -Company Id 798485 -Company Name Universal Pictures Cron: Delete users Date: 2012-03-30 : 07:04:27

Delete User Basecamp: 7788968 User Info: 2065-Jewgravy -Company Id 798485 -Company Name Universal Pictures Cron: Delete users Date: 2012-03-30 : 07:04:27

Delete User Basecamp: 8091450 User Info: 2093-TanyaLeverault -Company Id 798485 -Company Name Universal Pictures Cron: Delete users Date: 2012-03-30 : 07:04:27

Delete User Basecamp: 8028724 User Info: 2094-cynthia.orellana -Company Id 798485 -Company Name Universal Pictures Cron: Delete users Date: 2012-03-30 : 07:04:27

Delete User Basecamp: 8228845 User Info: 2185-jeseniag -Company Id 798485 -Company Name Universal Pictures Cron: Delete users Date: 2012-03-30 : 07:04:27

Delete User Basecamp: 8342124 User Info: 2227-DavidStamps -Company Id 798485 -Company Name Universal Pictures Cron: Delete users Date: 2012-03-30 : 07:04:27

Delete User Basecamp: 3819341 User Info: 909-lux@dsub.net -Company Id 808494 -Company Name NBC Learn Cron: Delete users Date: 2012-03-30 : 07:04:28

Delete User Basecamp: 8246826 User Info: 2191-dcipoletti -Company Id 808494 -Company Name NBC Learn Cron: Delete users Date: 2012-03-30 : 07:04:28

Delete User Basecamp: 8257644 User Info: 2195-LauraPicardo -Company Id 808494 -Company Name NBC Learn Cron: Delete users Date: 2012-03-30 : 07:04:28

Delete User Basecamp: 8661303 User Info: 2308-ramya.maganti -Company Id 808494 -Company Name NBC Learn Cron: Delete users Date: 2012-03-30 : 07:04:28

Delete User Basecamp: 9232804 User Info: 2449-cara_doronila -Company Id 808494 -Company Name NBC Learn Cron: Delete users Date: 2012-03-30 : 07:04:28

Delete User Basecamp: 8854795 User Info: 2339-alysonUOR -Company Id 833065 -Company Name Universal Orlando Resort Cron: Delete users Date: 2012-03-30 : 07:04:35

Delete User Basecamp: 8856525 User Info: 2340-UO_MichaelRichardson -Company Id 833065 -Company Name Universal Orlando Resort Cron: Delete users Date: 2012-03-30 : 07:04:35

Delete User Basecamp: 8856511 User Info: 2341-brian.austin@universalorlando.com -Company Id 833065 -Company Name Universal Orlando Resort Cron: Delete users Date: 2012-03-30 : 07:04:35

Delete User Basecamp: 2660755 User Info: 497-rod_test -Company Id 833071 -Company Name Universal Studios Hollywood (Park) Cron: Delete users Date: 2012-03-30 : 07:04:36

Delete User Basecamp: 8353816 User Info: 2230-katewardoxy -Company Id 875319 -Company Name Oxygen Cron: Delete users Date: 2012-03-30 : 07:04:41

Delete User Basecamp: 5099395 User Info: 1361-shoxty -Company Id 884946 -Company Name Riser Media (formerly Jandaco) Cron: Delete users Date: 2012-03-30 : 07:04:45

Delete User Basecamp: 9017187 User Info: 2393-luis.benitez -Company Id 885521 -Company Name Telemundo Cron: Delete users Date: 2012-03-30 : 07:04:47

Delete User Basecamp: 9155938 User Info: 2427-NBCUMiki -Company Id 926875 -Company Name NBCU Digital Media Sales Cron: Delete users Date: 2012-03-30 : 07:04:55

Delete User Basecamp: 3013467 User Info: 680-tracy.kim@nbcuni.com -Company Id 1119499 -Company Name NBCU Sales Marketing Innovation Cron: Delete users Date: 2012-03-30 : 07:05:23

Delete User Basecamp: 9254387 User Info: 2454-jeffreypolley -Company Id 1163492 -Company Name Peacock Productions Cron: Delete users Date: 2012-03-30 : 07:05:37

Delete User Basecamp: 8038152 User Info: 2079-206076171 -Company Id 1227761 -Company Name NBCU Diversity Cron: Delete users Date: 2012-03-30 : 07:05:42

Delete User Basecamp: 8353695 User Info: 2231-jcrommett -Company Id 1227761 -Company Name NBCU Diversity Cron: Delete users Date: 2012-03-30 : 07:05:42

Delete User Basecamp: 5313900 User Info: 1454-rmckinley@weather.com -Company Id 1235263 -Company Name The Weather Channel Cron: Delete users Date: 2012-03-30 : 07:05:45

Delete User Basecamp: 4115601 User Info: 1000-Sara.Haines@nbcuni.com -Company Id 1487062 -Company Name The Today Show Cron: Delete users Date: 2012-03-30 : 07:06:31

Delete User Basecamp: 4505709 User Info: 1141-Andy.Karofsky@dishnetwork.com -Company Id 1576080 -Company Name OATC External Cron: Delete users Date: 2012-03-30 : 07:06:44

Delete User Basecamp: 4812275 User Info: 1260-stevebridges -Company Id 1576080 -Company Name OATC External Cron: Delete users Date: 2012-03-30 : 07:06:44

Delete User Basecamp: 5982965 User Info: 1638-andrewlawton3 -Company Id 1576080 -Company Name OATC External Cron: Delete users Date: 2012-03-30 : 07:06:44

Delete User Basecamp: 7849719 User Info: 2032-ssuda -Company Id 2620422 -Company Name Akamai Cron: Delete users Date: 2012-03-30 : 07:07:50

Delete User Basecamp: 7811225 User Info: 2019-fueno -Company Id 2620445 -Company Name Deluxe Cron: Delete users Date: 2012-03-30 : 07:07:51

Delete User Basecamp: 9196926 User Info: 2442-mleininger@golfchannel.com -Company Id 2719520 -Company Name Golf Channel Cron: Delete users Date: 2012-03-30 : 07:08:02

Delete User Basecamp: 9196934 User Info: 2446-pstoughton -Company Id 2719520 -Company Name Golf Channel Cron: Delete users Date: 2012-03-30 : 07:08:02

Delete User Basecamp: 9203498 User Info: 2443-Silviaegle -Company Id 707029 -Company Name NBCU O&TS Cron: Delete users Date: 2012-04-02 : 10:35:58

Delete User Basecamp: 9203511 User Info: 2444-femaria -Company Id 707029 -Company Name NBCU O&TS Cron: Delete users Date: 2012-04-02 : 10:35:58

Delete User Basecamp: 9203498 User Info: 2443-Silviaegle -Company Id 707029 -Company Name NBCU O&TS Cron: Delete users Date: 2012-04-02 : 11:22:17

Delete User Basecamp: 9203498 User Info: 2443-Silviaegle -Company Id 707029 -Company Name NBCU O&TS Cron: Delete users Date: 2012-04-02 : 11:37:05

Delete User Basecamp: 9203511 User Info: 2444-femaria -Company Id 707029 -Company Name NBCU O&TS Cron: Delete users Date: 2012-04-02 : 11:37:05

Delete User Basecamp: 9203498 User Info: 2443-Silviaegle -Company Id 707029 -Company Name NBCU O&TS Cron: Delete users Date: 2012-04-03 : 13:06:03

Delete User Basecamp: 9203511 User Info: 2444-femaria -Company Id 707029 -Company Name NBCU O&TS Cron: Delete users Date: 2012-04-03 : 13:06:03

Delete User Basecamp: 9203498 User Info: 2443-Silviaegle -Company Id 707029 -Company Name NBCU O&TS Cron: Delete users Date: 2012-04-04 : 09:19:05

Delete User Basecamp: 9203498 User Info: 2443-Silviaegle -Company Id 707029 -Company Name NBCU O&TS Cron: Delete users Date: 2012-04-04 : 09:44:29

Delete User Basecamp: 9203498 User Info: 2443-Silviaegle -Company Id 707029 -Company Name NBCU O&TS Cron: Delete users Date: 2012-04-04 : 09:59:24

Delete User Basecamp: 9261907 User Info: 2459-teresamfinch -Company Id 707029 -Company Name NBCU O&TS Cron: Delete users Date: 2012-04-10 : 10:04:39

Delete User Basecamp: 9262069 User Info: 2461-markkraus -Company Id 707029 -Company Name NBCU O&TS Cron: Delete users Date: 2012-04-13 : 11:22:47

Delete User Basecamp: 9261902 User Info: 2458-vfurtado -Company Id 707029 -Company Name NBCU O&TS Cron: Delete users Date: 2012-04-13 : 11:35:46

Delete User Basecamp: 9261947 User Info: 2460-iwoodall -Company Id 707029 -Company Name NBCU O&TS Cron: Delete users Date: 2012-04-13 : 11:35:46

Delete User Basecamp: 2072116 User Info: 215-bill.endow@nbcuni.com -Company Id 711162 -Company Name NBCU MediaWorks Cron: Delete users Date: 2012-04-13 : 14:34:27
